#! /usr/bin/vvp
:ivl_version "11.0 (stable)";
:ivl_delay_selection "TYPICAL";
:vpi_time_precision + 0;
:vpi_module "/usr/lib/x86_64-linux-gnu/ivl/system.vpi";
:vpi_module "/usr/lib/x86_64-linux-gnu/ivl/vhdl_sys.vpi";
:vpi_module "/usr/lib/x86_64-linux-gnu/ivl/vhdl_textio.vpi";
:vpi_module "/usr/lib/x86_64-linux-gnu/ivl/v2005_math.vpi";
:vpi_module "/usr/lib/x86_64-linux-gnu/ivl/va_math.vpi";
S_0x55617d90d290 .scope module, "tb" "tb" 2 62;
 .timescale 0 0;
P_0x55617d8cb8c0 .param/l "CLK_PERIOD" 0 2 64, +C4<00000000000000000000000000001010>;
v0x55617d923d70_0 .var "clk", 0 0;
v0x55617d923e30_0 .var "rst", 0 0;
v0x55617d923f00_0 .var "w", 0 0;
v0x55617d924000_0 .net "z", 0 0, v0x55617d923c30_0;  1 drivers
S_0x55617d90d470 .scope module, "u0" "fsm" 2 71, 2 1 0, S_0x55617d90d290;
 .timescale 0 0;
    .port_info 0 /INPUT 1 "w";
    .port_info 1 /INPUT 1 "clk";
    .port_info 2 /INPUT 1 "rst";
    .port_info 3 /OUTPUT 1 "z";
P_0x55617d8f55c0 .param/l "A" 0 2 8, C4<000000001>;
P_0x55617d8f5600 .param/l "B" 0 2 9, C4<000000010>;
P_0x55617d8f5640 .param/l "C" 0 2 10, C4<000000100>;
P_0x55617d8f5680 .param/l "D" 0 2 11, C4<000001000>;
P_0x55617d8f56c0 .param/l "E" 0 2 12, C4<000010000>;
P_0x55617d8f5700 .param/l "F" 0 2 13, C4<000100000>;
P_0x55617d8f5740 .param/l "G" 0 2 14, C4<001000000>;
P_0x55617d8f5780 .param/l "H" 0 2 15, C4<010000000>;
P_0x55617d8f57c0 .param/l "I" 0 2 16, C4<100000000>;
v0x55617d904ea0_0 .net "clk", 0 0, v0x55617d923d70_0;  1 drivers
v0x55617d9043f0_0 .var "next_st", 8 0;
v0x55617d904260_0 .net "rst", 0 0, v0x55617d923e30_0;  1 drivers
v0x55617d923a40_0 .var "st", 8 0;
v0x55617d923b20_0 .net "w", 0 0, v0x55617d923f00_0;  1 drivers
v0x55617d923c30_0 .var "z", 0 0;
E_0x55617d904b90 .event edge, v0x55617d923a40_0, v0x55617d923b20_0;
E_0x55617d8cb1f0 .event posedge, v0x55617d904ea0_0;
    .scope S_0x55617d90d470;
T_0 ;
    %wait E_0x55617d8cb1f0;
    %load/vec4 v0x55617d904260_0;
    %flag_set/vec4 8;
    %jmp/0xz  T_0.0, 8;
    %pushi/vec4 1, 0, 9;
    %assign/vec4 v0x55617d923a40_0, 0;
    %jmp T_0.1;
T_0.0 ;
    %load/vec4 v0x55617d9043f0_0;
    %assign/vec4 v0x55617d923a40_0, 0;
T_0.1 ;
    %jmp T_0;
    .thread T_0;
    .scope S_0x55617d90d470;
T_1 ;
    %wait E_0x55617d904b90;
    %load/vec4 v0x55617d923a40_0;
    %load/vec4 v0x55617d923b20_0;
    %concat/vec4; draw_concat_vec4
    %dup/vec4;
    %pushi/vec4 2, 0, 10;
    %cmp/u;
    %jmp/1 T_1.0, 6;
    %dup/vec4;
    %pushi/vec4 3, 0, 10;
    %cmp/u;
    %jmp/1 T_1.1, 6;
    %dup/vec4;
    %pushi/vec4 4, 0, 10;
    %cmp/u;
    %jmp/1 T_1.2, 6;
    %dup/vec4;
    %pushi/vec4 5, 0, 10;
    %cmp/u;
    %jmp/1 T_1.3, 6;
    %dup/vec4;
    %pushi/vec4 8, 0, 10;
    %cmp/u;
    %jmp/1 T_1.4, 6;
    %dup/vec4;
    %pushi/vec4 9, 0, 10;
    %cmp/u;
    %jmp/1 T_1.5, 6;
    %dup/vec4;
    %pushi/vec4 16, 0, 10;
    %cmp/u;
    %jmp/1 T_1.6, 6;
    %dup/vec4;
    %pushi/vec4 17, 0, 10;
    %cmp/u;
    %jmp/1 T_1.7, 6;
    %dup/vec4;
    %pushi/vec4 32, 0, 10;
    %cmp/u;
    %jmp/1 T_1.8, 6;
    %dup/vec4;
    %pushi/vec4 33, 0, 10;
    %cmp/u;
    %jmp/1 T_1.9, 6;
    %dup/vec4;
    %pushi/vec4 64, 0, 10;
    %cmp/u;
    %jmp/1 T_1.10, 6;
    %dup/vec4;
    %pushi/vec4 65, 0, 10;
    %cmp/u;
    %jmp/1 T_1.11, 6;
    %dup/vec4;
    %pushi/vec4 128, 0, 10;
    %cmp/u;
    %jmp/1 T_1.12, 6;
    %dup/vec4;
    %pushi/vec4 129, 0, 10;
    %cmp/u;
    %jmp/1 T_1.13, 6;
    %dup/vec4;
    %pushi/vec4 256, 0, 10;
    %cmp/u;
    %jmp/1 T_1.14, 6;
    %dup/vec4;
    %pushi/vec4 257, 0, 10;
    %cmp/u;
    %jmp/1 T_1.15, 6;
    %dup/vec4;
    %pushi/vec4 512, 0, 10;
    %cmp/u;
    %jmp/1 T_1.16, 6;
    %dup/vec4;
    %pushi/vec4 513, 0, 10;
    %cmp/u;
    %jmp/1 T_1.17, 6;
    %pushi/vec4 2, 0, 10;
    %split/vec4 1;
    %store/vec4 v0x55617d923c30_0, 0, 1;
    %store/vec4 v0x55617d9043f0_0, 0, 9;
    %jmp T_1.19;
T_1.0 ;
    %pushi/vec4 4, 0, 10;
    %split/vec4 1;
    %store/vec4 v0x55617d923c30_0, 0, 1;
    %store/vec4 v0x55617d9043f0_0, 0, 9;
    %jmp T_1.19;
T_1.1 ;
    %pushi/vec4 64, 0, 10;
    %split/vec4 1;
    %store/vec4 v0x55617d923c30_0, 0, 1;
    %store/vec4 v0x55617d9043f0_0, 0, 9;
    %jmp T_1.19;
T_1.2 ;
    %pushi/vec4 8, 0, 10;
    %split/vec4 1;
    %store/vec4 v0x55617d923c30_0, 0, 1;
    %store/vec4 v0x55617d9043f0_0, 0, 9;
    %jmp T_1.19;
T_1.3 ;
    %pushi/vec4 64, 0, 10;
    %split/vec4 1;
    %store/vec4 v0x55617d923c30_0, 0, 1;
    %store/vec4 v0x55617d9043f0_0, 0, 9;
    %jmp T_1.19;
T_1.4 ;
    %pushi/vec4 16, 0, 10;
    %split/vec4 1;
    %store/vec4 v0x55617d923c30_0, 0, 1;
    %store/vec4 v0x55617d9043f0_0, 0, 9;
    %jmp T_1.19;
T_1.5 ;
    %pushi/vec4 64, 0, 10;
    %split/vec4 1;
    %store/vec4 v0x55617d923c30_0, 0, 1;
    %store/vec4 v0x55617d9043f0_0, 0, 9;
    %jmp T_1.19;
T_1.6 ;
    %pushi/vec4 32, 0, 10;
    %split/vec4 1;
    %store/vec4 v0x55617d923c30_0, 0, 1;
    %store/vec4 v0x55617d9043f0_0, 0, 9;
    %jmp T_1.19;
T_1.7 ;
    %pushi/vec4 64, 0, 10;
    %split/vec4 1;
    %store/vec4 v0x55617d923c30_0, 0, 1;
    %store/vec4 v0x55617d9043f0_0, 0, 9;
    %jmp T_1.19;
T_1.8 ;
    %pushi/vec4 33, 0, 10;
    %split/vec4 1;
    %store/vec4 v0x55617d923c30_0, 0, 1;
    %store/vec4 v0x55617d9043f0_0, 0, 9;
    %jmp T_1.19;
T_1.9 ;
    %pushi/vec4 65, 0, 10;
    %split/vec4 1;
    %store/vec4 v0x55617d923c30_0, 0, 1;
    %store/vec4 v0x55617d9043f0_0, 0, 9;
    %jmp T_1.19;
T_1.10 ;
    %pushi/vec4 4, 0, 10;
    %split/vec4 1;
    %store/vec4 v0x55617d923c30_0, 0, 1;
    %store/vec4 v0x55617d9043f0_0, 0, 9;
    %jmp T_1.19;
T_1.11 ;
    %pushi/vec4 128, 0, 10;
    %split/vec4 1;
    %store/vec4 v0x55617d923c30_0, 0, 1;
    %store/vec4 v0x55617d9043f0_0, 0, 9;
    %jmp T_1.19;
T_1.12 ;
    %pushi/vec4 4, 0, 10;
    %split/vec4 1;
    %store/vec4 v0x55617d923c30_0, 0, 1;
    %store/vec4 v0x55617d9043f0_0, 0, 9;
    %jmp T_1.19;
T_1.13 ;
    %pushi/vec4 256, 0, 10;
    %split/vec4 1;
    %store/vec4 v0x55617d923c30_0, 0, 1;
    %store/vec4 v0x55617d9043f0_0, 0, 9;
    %jmp T_1.19;
T_1.14 ;
    %pushi/vec4 4, 0, 10;
    %split/vec4 1;
    %store/vec4 v0x55617d923c30_0, 0, 1;
    %store/vec4 v0x55617d9043f0_0, 0, 9;
    %jmp T_1.19;
T_1.15 ;
    %pushi/vec4 512, 0, 10;
    %split/vec4 1;
    %store/vec4 v0x55617d923c30_0, 0, 1;
    %store/vec4 v0x55617d9043f0_0, 0, 9;
    %jmp T_1.19;
T_1.16 ;
    %pushi/vec4 4, 0, 10;
    %split/vec4 1;
    %store/vec4 v0x55617d923c30_0, 0, 1;
    %store/vec4 v0x55617d9043f0_0, 0, 9;
    %jmp T_1.19;
T_1.17 ;
    %pushi/vec4 513, 0, 10;
    %split/vec4 1;
    %store/vec4 v0x55617d923c30_0, 0, 1;
    %store/vec4 v0x55617d9043f0_0, 0, 9;
    %jmp T_1.19;
T_1.19 ;
    %pop/vec4 1;
    %jmp T_1;
    .thread T_1, $push;
    .scope S_0x55617d90d290;
T_2 ;
    %pushi/vec4 0, 0, 1;
    %store/vec4 v0x55617d923d70_0, 0, 1;
T_2.0 ;
    %delay 5, 0;
    %load/vec4 v0x55617d923d70_0;
    %inv;
    %store/vec4 v0x55617d923d70_0, 0, 1;
    %jmp T_2.0;
    %end;
    .thread T_2;
    .scope S_0x55617d90d290;
T_3 ;
    %pushi/vec4 0, 0, 1;
    %store/vec4 v0x55617d923e30_0, 0, 1;
    %delay 3, 0;
    %pushi/vec4 1, 0, 1;
    %store/vec4 v0x55617d923e30_0, 0, 1;
    %delay 10, 0;
    %pushi/vec4 0, 0, 1;
    %store/vec4 v0x55617d923e30_0, 0, 1;
    %end;
    .thread T_3;
    .scope S_0x55617d90d290;
T_4 ;
    %pushi/vec4 0, 0, 1;
    %store/vec4 v0x55617d923f00_0, 0, 1;
    %delay 33, 0;
    %pushi/vec4 1, 0, 1;
    %store/vec4 v0x55617d923f00_0, 0, 1;
    %delay 50, 0;
    %pushi/vec4 0, 0, 1;
    %store/vec4 v0x55617d923f00_0, 0, 1;
    %end;
    .thread T_4;
    .scope S_0x55617d90d290;
T_5 ;
    %vpi_call 2 93 "$dumpfile", "fsm.vcd" {0 0 0};
    %vpi_call 2 94 "$dumpvars" {0 0 0};
    %delay 500, 0;
    %vpi_call 2 96 "$finish" {0 0 0};
    %end;
    .thread T_5;
# The file index is used to find the file name in the following table.
:file_names 3;
    "N/A";
    "<interactive>";
    "fsm.v";
