#! /usr/bin/vvp
:ivl_version "11.0 (stable)";
:ivl_delay_selection "TYPICAL";
:vpi_time_precision + 0;
:vpi_module "/usr/lib/x86_64-linux-gnu/ivl/system.vpi";
:vpi_module "/usr/lib/x86_64-linux-gnu/ivl/vhdl_sys.vpi";
:vpi_module "/usr/lib/x86_64-linux-gnu/ivl/vhdl_textio.vpi";
:vpi_module "/usr/lib/x86_64-linux-gnu/ivl/v2005_math.vpi";
:vpi_module "/usr/lib/x86_64-linux-gnu/ivl/va_math.vpi";
S_0x556d70328df0 .scope module, "test" "test" 2 1;
 .timescale 0 0;
v0x556d7032a350_0 .var "a", 1 0;
    .scope S_0x556d70328df0;
T_0 ;
    %pushi/vec4 2, 0, 2;
    %store/vec4 v0x556d7032a350_0, 0, 2;
    %vpi_call 2 7 "$display", v0x556d7032a350_0 {0 0 0};
    %load/vec4 v0x556d7032a350_0;
    %dup/vec4;
    %pushi/vec4 0, 0, 2;
    %cmp/u;
    %jmp/1 T_0.0, 6;
    %dup/vec4;
    %pushi/vec4 1, 0, 2;
    %cmp/u;
    %jmp/1 T_0.1, 6;
    %vpi_call 2 12 "$display", "default case in case" {0 0 0};
    %jmp T_0.3;
T_0.0 ;
    %vpi_call 2 10 "$display", "first case in case" {0 0 0};
    %jmp T_0.3;
T_0.1 ;
    %vpi_call 2 11 "$display", "second case in case" {0 0 0};
    %jmp T_0.3;
T_0.3 ;
    %pop/vec4 1;
    %load/vec4 v0x556d7032a350_0;
    %dup/vec4;
    %pushi/vec4 0, 0, 2;
    %cmp/x;
    %jmp/1 T_0.4, 4;
    %dup/vec4;
    %pushi/vec4 1, 0, 2;
    %cmp/x;
    %jmp/1 T_0.5, 4;
    %vpi_call 2 19 "$display", "default case in casex" {0 0 0};
    %jmp T_0.7;
T_0.4 ;
    %vpi_call 2 17 "$display", "first case in case" {0 0 0};
    %jmp T_0.7;
T_0.5 ;
    %vpi_call 2 18 "$display", "second case in case" {0 0 0};
    %jmp T_0.7;
T_0.7 ;
    %pop/vec4 1;
    %load/vec4 v0x556d7032a350_0;
    %dup/vec4;
    %pushi/vec4 0, 0, 2;
    %cmp/z;
    %jmp/1 T_0.8, 4;
    %dup/vec4;
    %pushi/vec4 1, 0, 2;
    %cmp/z;
    %jmp/1 T_0.9, 4;
    %vpi_call 2 25 "$display", "default case in casez" {0 0 0};
    %jmp T_0.11;
T_0.8 ;
    %vpi_call 2 23 "$display", "first case in case" {0 0 0};
    %jmp T_0.11;
T_0.9 ;
    %vpi_call 2 24 "$display", "second case in case" {0 0 0};
    %jmp T_0.11;
T_0.11 ;
    %pop/vec4 1;
    %end;
    .thread T_0;
# The file index is used to find the file name in the following table.
:file_names 3;
    "N/A";
    "<interactive>";
    "case_matching.v";
