#! /usr/bin/vvp
:ivl_version "11.0 (stable)";
:ivl_delay_selection "TYPICAL";
:vpi_time_precision + 0;
:vpi_module "/usr/lib/x86_64-linux-gnu/ivl/system.vpi";
:vpi_module "/usr/lib/x86_64-linux-gnu/ivl/vhdl_sys.vpi";
:vpi_module "/usr/lib/x86_64-linux-gnu/ivl/vhdl_textio.vpi";
:vpi_module "/usr/lib/x86_64-linux-gnu/ivl/v2005_math.vpi";
:vpi_module "/usr/lib/x86_64-linux-gnu/ivl/va_math.vpi";
S_0x56040d18f330 .scope module, "tb" "tb" 2 14;
 .timescale 0 0;
v0x56040d1b4480_0 .var "clk", 0 0;
v0x56040d1b4550_0 .var "nrst", 0 0;
v0x56040d1b4620_0 .net "val", 3 0, v0x56040d1b4340_0;  1 drivers
S_0x56040d1a22e0 .scope module, "u0" "counter4" 2 20, 2 1 0, S_0x56040d18f330;
 .timescale 0 0;
    .port_info 0 /INPUT 1 "clk";
    .port_info 1 /OUTPUT 4 "val";
    .port_info 2 /INPUT 1 "nrst";
v0x56040d16aba0_0 .net "clk", 0 0, v0x56040d1b4480_0;  1 drivers
v0x56040d1b4280_0 .net "nrst", 0 0, v0x56040d1b4550_0;  1 drivers
v0x56040d1b4340_0 .var "val", 3 0;
E_0x56040d1691f0/0 .event negedge, v0x56040d1b4280_0;
E_0x56040d1691f0/1 .event posedge, v0x56040d16aba0_0;
E_0x56040d1691f0 .event/or E_0x56040d1691f0/0, E_0x56040d1691f0/1;
    .scope S_0x56040d1a22e0;
T_0 ;
    %wait E_0x56040d1691f0;
    %load/vec4 v0x56040d1b4280_0;
    %inv;
    %flag_set/vec4 8;
    %jmp/0xz  T_0.0, 8;
    %pushi/vec4 0, 0, 4;
    %assign/vec4 v0x56040d1b4340_0, 0;
    %jmp T_0.1;
T_0.0 ;
    %load/vec4 v0x56040d1b4340_0;
    %addi 1, 0, 4;
    %assign/vec4 v0x56040d1b4340_0, 0;
T_0.1 ;
    %jmp T_0;
    .thread T_0;
    .scope S_0x56040d18f330;
T_1 ;
    %pushi/vec4 0, 0, 1;
    %store/vec4 v0x56040d1b4480_0, 0, 1;
T_1.0 ;
    %delay 10, 0;
    %load/vec4 v0x56040d1b4480_0;
    %inv;
    %store/vec4 v0x56040d1b4480_0, 0, 1;
    %jmp T_1.0;
    %end;
    .thread T_1;
    .scope S_0x56040d18f330;
T_2 ;
    %pushi/vec4 1, 0, 1;
    %store/vec4 v0x56040d1b4550_0, 0, 1;
    %delay 15, 0;
    %pushi/vec4 0, 0, 1;
    %store/vec4 v0x56040d1b4550_0, 0, 1;
    %delay 10, 0;
    %pushi/vec4 1, 0, 1;
    %store/vec4 v0x56040d1b4550_0, 0, 1;
    %end;
    .thread T_2;
    .scope S_0x56040d18f330;
T_3 ;
    %delay 100, 0;
    %vpi_call 2 39 "$finish" {0 0 0};
    %end;
    .thread T_3;
    .scope S_0x56040d18f330;
T_4 ;
    %vpi_call 2 43 "$monitor", v0x56040d1b4620_0 {0 0 0};
    %end;
    .thread T_4;
    .scope S_0x56040d18f330;
T_5 ;
    %vpi_call 2 47 "$dumpfile", "counter4.vcd" {0 0 0};
    %vpi_call 2 48 "$dumpvars" {0 0 0};
    %end;
    .thread T_5;
# The file index is used to find the file name in the following table.
:file_names 3;
    "N/A";
    "<interactive>";
    "counter4.v";
