#! /usr/bin/vvp
:ivl_version "11.0 (stable)";
:ivl_delay_selection "TYPICAL";
:vpi_time_precision + 0;
:vpi_module "/usr/lib/x86_64-linux-gnu/ivl/system.vpi";
:vpi_module "/usr/lib/x86_64-linux-gnu/ivl/vhdl_sys.vpi";
:vpi_module "/usr/lib/x86_64-linux-gnu/ivl/vhdl_textio.vpi";
:vpi_module "/usr/lib/x86_64-linux-gnu/ivl/v2005_math.vpi";
:vpi_module "/usr/lib/x86_64-linux-gnu/ivl/va_math.vpi";
S_0x55bc82899620 .scope module, "shift_reg_sequence_det" "shift_reg_sequence_det" 2 1;
 .timescale 0 0;
    .port_info 0 /INPUT 1 "w";
    .port_info 1 /INPUT 1 "clk";
    .port_info 2 /INPUT 1 "rst";
    .port_info 3 /OUTPUT 1 "z";
L_0x55bc828bc510 .functor OR 1, L_0x55bc828bc350, L_0x55bc828bc440, C4<0>, C4<0>;
v0x55bc82899820_0 .net *"_ivl_1", 2 0, L_0x55bc828bc180;  1 drivers
v0x55bc828bb9d0_0 .net *"_ivl_5", 0 0, L_0x55bc828bc350;  1 drivers
v0x55bc828bba90_0 .net *"_ivl_7", 0 0, L_0x55bc828bc440;  1 drivers
o0x7f2b30cab0a8 .functor BUFZ 1, C4<z>; HiZ drive
v0x55bc828bbb60_0 .net "clk", 0 0, o0x7f2b30cab0a8;  0 drivers
v0x55bc828bbc20_0 .net "next_shift_reg", 3 0, L_0x55bc828bc250;  1 drivers
o0x7f2b30cab108 .functor BUFZ 1, C4<z>; HiZ drive
v0x55bc828bbd50_0 .net "rst", 0 0, o0x7f2b30cab108;  0 drivers
v0x55bc828bbe10_0 .var "shift_reg", 3 0;
o0x7f2b30cab168 .functor BUFZ 1, C4<z>; HiZ drive
v0x55bc828bbef0_0 .net "w", 0 0, o0x7f2b30cab168;  0 drivers
v0x55bc828bbfb0_0 .net "z", 0 0, L_0x55bc828bc510;  1 drivers
E_0x55bc828731f0 .event posedge, v0x55bc828bbb60_0;
L_0x55bc828bc180 .part v0x55bc828bbe10_0, 0, 3;
L_0x55bc828bc250 .concat [ 1 3 0 0], o0x7f2b30cab168, L_0x55bc828bc180;
L_0x55bc828bc350 .reduce/and v0x55bc828bbe10_0;
L_0x55bc828bc440 .reduce/nor v0x55bc828bbe10_0;
    .scope S_0x55bc82899620;
T_0 ;
    %wait E_0x55bc828731f0;
    %load/vec4 v0x55bc828bbd50_0;
    %flag_set/vec4 8;
    %jmp/0xz  T_0.0, 8;
    %pushi/vec4 0, 0, 4;
    %assign/vec4 v0x55bc828bbe10_0, 0;
    %jmp T_0.1;
T_0.0 ;
    %load/vec4 v0x55bc828bbc20_0;
    %assign/vec4 v0x55bc828bbe10_0, 0;
T_0.1 ;
    %jmp T_0;
    .thread T_0;
# The file index is used to find the file name in the following table.
:file_names 3;
    "N/A";
    "<interactive>";
    "shifter.v";
