#! /usr/bin/vvp
:ivl_version "11.0 (stable)";
:ivl_delay_selection "TYPICAL";
:vpi_time_precision - 12;
:vpi_module "/usr/lib/x86_64-linux-gnu/ivl/system.vpi";
:vpi_module "/usr/lib/x86_64-linux-gnu/ivl/vhdl_sys.vpi";
:vpi_module "/usr/lib/x86_64-linux-gnu/ivl/vhdl_textio.vpi";
:vpi_module "/usr/lib/x86_64-linux-gnu/ivl/v2005_math.vpi";
:vpi_module "/usr/lib/x86_64-linux-gnu/ivl/va_math.vpi";
S_0x5558607c4500 .scope module, "carry_look_ahead_16bit_tb" "carry_look_ahead_16bit_tb" 2 48;
 .timescale -9 -12;
v0x55586081bc40_0 .var "a", 15 0;
v0x55586081bd20_0 .var "b", 15 0;
v0x55586081bdc0_0 .var "cin", 0 0;
v0x55586081bee0_0 .net "cout", 0 0, L_0x55586082ea60;  1 drivers
v0x55586081bfd0_0 .net "sum", 15 0, L_0x55586082f370;  1 drivers
S_0x5558607d7b30 .scope module, "uut" "carry_look_ahead_16bit" 2 54, 2 6 0, S_0x5558607c4500;
 .timescale -9 -12;
    .port_info 0 /INPUT 16 "a";
    .port_info 1 /INPUT 16 "b";
    .port_info 2 /INPUT 1 "cin";
    .port_info 3 /OUTPUT 16 "sum";
    .port_info 4 /OUTPUT 1 "cout";
v0x55586081b530_0 .net "a", 15 0, v0x55586081bc40_0;  1 drivers
v0x55586081b630_0 .net "b", 15 0, v0x55586081bd20_0;  1 drivers
v0x55586081b710_0 .net "c1", 0 0, L_0x555860820a80;  1 drivers
v0x55586081b7b0_0 .net "c2", 0 0, L_0x555860825920;  1 drivers
v0x55586081b8a0_0 .net "c3", 0 0, L_0x55586082a6f0;  1 drivers
v0x55586081b9e0_0 .net "cin", 0 0, v0x55586081bdc0_0;  1 drivers
v0x55586081ba80_0 .net "cout", 0 0, L_0x55586082ea60;  alias, 1 drivers
v0x55586081bb20_0 .net "sum", 15 0, L_0x55586082f370;  alias, 1 drivers
L_0x555860820d20 .part v0x55586081bc40_0, 0, 4;
L_0x555860820e10 .part v0x55586081bd20_0, 0, 4;
L_0x555860825bc0 .part v0x55586081bc40_0, 4, 4;
L_0x555860825c60 .part v0x55586081bd20_0, 4, 4;
L_0x55586082a990 .part v0x55586081bc40_0, 8, 4;
L_0x55586082aa30 .part v0x55586081bd20_0, 8, 4;
L_0x55586082f1e0 .part v0x55586081bc40_0, 12, 4;
L_0x55586082f280 .part v0x55586081bd20_0, 12, 4;
L_0x55586082f370 .concat8 [ 4 4 4 4], L_0x555860820b90, L_0x555860825a30, L_0x55586082a800, L_0x55586082f050;
S_0x5558607eb160 .scope module, "cla1" "carry_look_ahead_4bit" 2 13, 2 24 0, S_0x5558607d7b30;
 .timescale -9 -12;
    .port_info 0 /INPUT 4 "a";
    .port_info 1 /INPUT 4 "b";
    .port_info 2 /INPUT 1 "cin";
    .port_info 3 /OUTPUT 4 "sum";
    .port_info 4 /OUTPUT 1 "cout";
L_0x55586081c0c0 .functor XOR 4, L_0x555860820d20, L_0x555860820e10, C4<0000>, C4<0000>;
L_0x55586081c160 .functor AND 4, L_0x555860820d20, L_0x555860820e10, C4<1111>, C4<1111>;
L_0x55586081c2a0 .functor BUFZ 1, v0x55586081bdc0_0, C4<0>, C4<0>, C4<0>;
L_0x55586081c5c0 .functor AND 1, L_0x55586081c400, L_0x55586081c4f0, C4<1>, C4<1>;
L_0x55586081c730 .functor OR 1, L_0x55586081c310, L_0x55586081c5c0, C4<0>, C4<0>;
L_0x55586081ca90 .functor AND 1, L_0x55586081c910, L_0x55586081c9b0, C4<1>, C4<1>;
L_0x55586081cb90 .functor OR 1, L_0x55586081c840, L_0x55586081ca90, C4<0>, C4<0>;
L_0x55586081ce30 .functor AND 1, L_0x55586081cca0, L_0x55586081cd40, C4<1>, C4<1>;
L_0x55586081d030 .functor AND 1, L_0x55586081ce30, L_0x55586081cf40, C4<1>, C4<1>;
L_0x55586081d140 .functor OR 1, L_0x55586081cb90, L_0x55586081d030, C4<0>, C4<0>;
L_0x55586081d6a0 .functor AND 1, L_0x55586081d4f0, L_0x55586081d600, C4<1>, C4<1>;
L_0x55586081d760 .functor OR 1, L_0x55586081d450, L_0x55586081d6a0, C4<0>, C4<0>;
L_0x55586081d590 .functor AND 1, L_0x55586081d8e0, L_0x55586081da00, C4<1>, C4<1>;
L_0x55586081dc70 .functor AND 1, L_0x55586081d590, L_0x55586081db40, C4<1>, C4<1>;
L_0x55586081d870 .functor OR 1, L_0x55586081d760, L_0x55586081dc70, C4<0>, C4<0>;
L_0x55586081e080 .functor AND 1, L_0x55586081dea0, L_0x55586081df40, C4<1>, C4<1>;
L_0x55586081e2c0 .functor AND 1, L_0x55586081e080, L_0x55586081e220, C4<1>, C4<1>;
L_0x55586081e520 .functor AND 1, L_0x55586081e2c0, L_0x55586081e3d0, C4<1>, C4<1>;
L_0x55586081e680 .functor OR 1, L_0x55586081d870, L_0x55586081e520, C4<0>, C4<0>;
L_0x55586081e9e0 .functor AND 1, L_0x55586081e7e0, L_0x55586081e940, C4<1>, C4<1>;
L_0x55586081eba0 .functor OR 1, L_0x55586081dfe0, L_0x55586081e9e0, C4<0>, C4<0>;
L_0x55586081ee20 .functor AND 1, L_0x55586081e5e0, L_0x55586081ed80, C4<1>, C4<1>;
L_0x55586081f170 .functor AND 1, L_0x55586081ee20, L_0x55586081eff0, C4<1>, C4<1>;
L_0x55586081f280 .functor OR 1, L_0x55586081eba0, L_0x55586081f170, C4<0>, C4<0>;
L_0x55586081f690 .functor AND 1, L_0x55586081f460, L_0x55586081f500, C4<1>, C4<1>;
L_0x55586081f840 .functor AND 1, L_0x55586081f690, L_0x55586081f7a0, C4<1>, C4<1>;
L_0x55586081fbd0 .functor AND 1, L_0x55586081f840, L_0x55586081fa30, C4<1>, C4<1>;
L_0x55586081fce0 .functor OR 1, L_0x55586081f280, L_0x55586081fbd0, C4<0>, C4<0>;
L_0x555860820130 .functor AND 1, L_0x55586081fee0, L_0x55586081ff80, C4<1>, C4<1>;
L_0x5558608202e0 .functor AND 1, L_0x555860820130, L_0x555860820240, C4<1>, C4<1>;
L_0x5558608206b0 .functor AND 1, L_0x5558608202e0, L_0x5558608204f0, C4<1>, C4<1>;
L_0x555860820860 .functor AND 1, L_0x5558608206b0, L_0x5558608207c0, C4<1>, C4<1>;
L_0x555860820a80 .functor OR 1, L_0x55586081fce0, L_0x555860820860, C4<0>, C4<0>;
L_0x555860820b90 .functor XOR 4, L_0x55586081c0c0, L_0x55586081d2b0, C4<0000>, C4<0000>;
v0x5558607eb760_0 .net *"_ivl_102", 0 0, L_0x55586081eff0;  1 drivers
v0x5558607d8130_0 .net *"_ivl_103", 0 0, L_0x55586081f170;  1 drivers
v0x5558607c4b00_0 .net *"_ivl_105", 0 0, L_0x55586081f280;  1 drivers
v0x5558607b14a0_0 .net *"_ivl_108", 0 0, L_0x55586081f460;  1 drivers
v0x55586080a2e0_0 .net *"_ivl_11", 0 0, L_0x55586081c310;  1 drivers
v0x55586080a410_0 .net *"_ivl_110", 0 0, L_0x55586081f500;  1 drivers
v0x55586080a4f0_0 .net *"_ivl_111", 0 0, L_0x55586081f690;  1 drivers
v0x55586080a5d0_0 .net *"_ivl_114", 0 0, L_0x55586081f7a0;  1 drivers
v0x55586080a6b0_0 .net *"_ivl_115", 0 0, L_0x55586081f840;  1 drivers
v0x55586080a790_0 .net *"_ivl_118", 0 0, L_0x55586081fa30;  1 drivers
v0x55586080a870_0 .net *"_ivl_119", 0 0, L_0x55586081fbd0;  1 drivers
v0x55586080a950_0 .net *"_ivl_121", 0 0, L_0x55586081fce0;  1 drivers
v0x55586080aa30_0 .net *"_ivl_124", 0 0, L_0x55586081fee0;  1 drivers
v0x55586080ab10_0 .net *"_ivl_126", 0 0, L_0x55586081ff80;  1 drivers
v0x55586080abf0_0 .net *"_ivl_127", 0 0, L_0x555860820130;  1 drivers
v0x55586080acd0_0 .net *"_ivl_13", 0 0, L_0x55586081c400;  1 drivers
v0x55586080adb0_0 .net *"_ivl_130", 0 0, L_0x555860820240;  1 drivers
v0x55586080ae90_0 .net *"_ivl_131", 0 0, L_0x5558608202e0;  1 drivers
v0x55586080af70_0 .net *"_ivl_134", 0 0, L_0x5558608204f0;  1 drivers
v0x55586080b050_0 .net *"_ivl_135", 0 0, L_0x5558608206b0;  1 drivers
v0x55586080b130_0 .net *"_ivl_138", 0 0, L_0x5558608207c0;  1 drivers
v0x55586080b210_0 .net *"_ivl_139", 0 0, L_0x555860820860;  1 drivers
v0x55586080b2f0_0 .net *"_ivl_15", 0 0, L_0x55586081c4f0;  1 drivers
v0x55586080b3d0_0 .net *"_ivl_16", 0 0, L_0x55586081c5c0;  1 drivers
v0x55586080b4b0_0 .net *"_ivl_18", 0 0, L_0x55586081c730;  1 drivers
v0x55586080b590_0 .net *"_ivl_23", 0 0, L_0x55586081c840;  1 drivers
v0x55586080b670_0 .net *"_ivl_25", 0 0, L_0x55586081c910;  1 drivers
v0x55586080b750_0 .net *"_ivl_27", 0 0, L_0x55586081c9b0;  1 drivers
v0x55586080b830_0 .net *"_ivl_28", 0 0, L_0x55586081ca90;  1 drivers
v0x55586080b910_0 .net *"_ivl_30", 0 0, L_0x55586081cb90;  1 drivers
v0x55586080b9f0_0 .net *"_ivl_33", 0 0, L_0x55586081cca0;  1 drivers
v0x55586080bad0_0 .net *"_ivl_35", 0 0, L_0x55586081cd40;  1 drivers
v0x55586080bbb0_0 .net *"_ivl_36", 0 0, L_0x55586081ce30;  1 drivers
v0x55586080bea0_0 .net *"_ivl_39", 0 0, L_0x55586081cf40;  1 drivers
v0x55586080bf80_0 .net *"_ivl_40", 0 0, L_0x55586081d030;  1 drivers
v0x55586080c060_0 .net *"_ivl_42", 0 0, L_0x55586081d140;  1 drivers
v0x55586080c140_0 .net *"_ivl_48", 0 0, L_0x55586081d450;  1 drivers
v0x55586080c220_0 .net *"_ivl_50", 0 0, L_0x55586081d4f0;  1 drivers
v0x55586080c300_0 .net *"_ivl_52", 0 0, L_0x55586081d600;  1 drivers
v0x55586080c3e0_0 .net *"_ivl_53", 0 0, L_0x55586081d6a0;  1 drivers
v0x55586080c4c0_0 .net *"_ivl_55", 0 0, L_0x55586081d760;  1 drivers
v0x55586080c5a0_0 .net *"_ivl_58", 0 0, L_0x55586081d8e0;  1 drivers
v0x55586080c680_0 .net *"_ivl_60", 0 0, L_0x55586081da00;  1 drivers
v0x55586080c760_0 .net *"_ivl_61", 0 0, L_0x55586081d590;  1 drivers
v0x55586080c840_0 .net *"_ivl_64", 0 0, L_0x55586081db40;  1 drivers
v0x55586080c920_0 .net *"_ivl_65", 0 0, L_0x55586081dc70;  1 drivers
v0x55586080ca00_0 .net *"_ivl_67", 0 0, L_0x55586081d870;  1 drivers
v0x55586080cae0_0 .net *"_ivl_7", 0 0, L_0x55586081c2a0;  1 drivers
v0x55586080cbc0_0 .net *"_ivl_70", 0 0, L_0x55586081dea0;  1 drivers
v0x55586080cca0_0 .net *"_ivl_72", 0 0, L_0x55586081df40;  1 drivers
v0x55586080cd80_0 .net *"_ivl_73", 0 0, L_0x55586081e080;  1 drivers
v0x55586080ce60_0 .net *"_ivl_76", 0 0, L_0x55586081e220;  1 drivers
v0x55586080cf40_0 .net *"_ivl_77", 0 0, L_0x55586081e2c0;  1 drivers
v0x55586080d020_0 .net *"_ivl_80", 0 0, L_0x55586081e3d0;  1 drivers
v0x55586080d100_0 .net *"_ivl_81", 0 0, L_0x55586081e520;  1 drivers
v0x55586080d1e0_0 .net *"_ivl_83", 0 0, L_0x55586081e680;  1 drivers
v0x55586080d2c0_0 .net *"_ivl_86", 0 0, L_0x55586081dfe0;  1 drivers
v0x55586080d3a0_0 .net *"_ivl_88", 0 0, L_0x55586081e7e0;  1 drivers
v0x55586080d480_0 .net *"_ivl_90", 0 0, L_0x55586081e940;  1 drivers
v0x55586080d560_0 .net *"_ivl_91", 0 0, L_0x55586081e9e0;  1 drivers
v0x55586080d640_0 .net *"_ivl_93", 0 0, L_0x55586081eba0;  1 drivers
v0x55586080d720_0 .net *"_ivl_96", 0 0, L_0x55586081e5e0;  1 drivers
v0x55586080d800_0 .net *"_ivl_98", 0 0, L_0x55586081ed80;  1 drivers
v0x55586080d8e0_0 .net *"_ivl_99", 0 0, L_0x55586081ee20;  1 drivers
v0x55586080d9c0_0 .net "a", 3 0, L_0x555860820d20;  1 drivers
v0x55586080deb0_0 .net "b", 3 0, L_0x555860820e10;  1 drivers
v0x55586080df90_0 .net "c", 3 0, L_0x55586081d2b0;  1 drivers
v0x55586080e070_0 .net "cin", 0 0, v0x55586081bdc0_0;  alias, 1 drivers
v0x55586080e130_0 .net "cout", 0 0, L_0x555860820a80;  alias, 1 drivers
v0x55586080e1f0_0 .net "g", 3 0, L_0x55586081c160;  1 drivers
v0x55586080e2d0_0 .net "p", 3 0, L_0x55586081c0c0;  1 drivers
v0x55586080e3b0_0 .net "sum", 3 0, L_0x555860820b90;  1 drivers
L_0x55586081c310 .part L_0x55586081c160, 0, 1;
L_0x55586081c400 .part L_0x55586081c0c0, 0, 1;
L_0x55586081c4f0 .part L_0x55586081d2b0, 0, 1;
L_0x55586081c840 .part L_0x55586081c160, 1, 1;
L_0x55586081c910 .part L_0x55586081c0c0, 1, 1;
L_0x55586081c9b0 .part L_0x55586081c160, 0, 1;
L_0x55586081cca0 .part L_0x55586081c0c0, 1, 1;
L_0x55586081cd40 .part L_0x55586081c0c0, 0, 1;
L_0x55586081cf40 .part L_0x55586081d2b0, 0, 1;
L_0x55586081d2b0 .concat8 [ 1 1 1 1], L_0x55586081c2a0, L_0x55586081c730, L_0x55586081d140, L_0x55586081e680;
L_0x55586081d450 .part L_0x55586081c160, 2, 1;
L_0x55586081d4f0 .part L_0x55586081c0c0, 2, 1;
L_0x55586081d600 .part L_0x55586081c160, 1, 1;
L_0x55586081d8e0 .part L_0x55586081c0c0, 2, 1;
L_0x55586081da00 .part L_0x55586081c0c0, 1, 1;
L_0x55586081db40 .part L_0x55586081c160, 0, 1;
L_0x55586081dea0 .part L_0x55586081c0c0, 2, 1;
L_0x55586081df40 .part L_0x55586081c0c0, 1, 1;
L_0x55586081e220 .part L_0x55586081c0c0, 0, 1;
L_0x55586081e3d0 .part L_0x55586081d2b0, 0, 1;
L_0x55586081dfe0 .part L_0x55586081c160, 3, 1;
L_0x55586081e7e0 .part L_0x55586081c0c0, 3, 1;
L_0x55586081e940 .part L_0x55586081c160, 2, 1;
L_0x55586081e5e0 .part L_0x55586081c0c0, 3, 1;
L_0x55586081ed80 .part L_0x55586081c0c0, 2, 1;
L_0x55586081eff0 .part L_0x55586081c160, 1, 1;
L_0x55586081f460 .part L_0x55586081c0c0, 3, 1;
L_0x55586081f500 .part L_0x55586081c0c0, 2, 1;
L_0x55586081f7a0 .part L_0x55586081c0c0, 1, 1;
L_0x55586081fa30 .part L_0x55586081c160, 0, 1;
L_0x55586081fee0 .part L_0x55586081c0c0, 3, 1;
L_0x55586081ff80 .part L_0x55586081c0c0, 2, 1;
L_0x555860820240 .part L_0x55586081c0c0, 1, 1;
L_0x5558608204f0 .part L_0x55586081c0c0, 0, 1;
L_0x5558608207c0 .part L_0x55586081d2b0, 0, 1;
S_0x55586080e530 .scope module, "cla2" "carry_look_ahead_4bit" 2 14, 2 24 0, S_0x5558607d7b30;
 .timescale -9 -12;
    .port_info 0 /INPUT 4 "a";
    .port_info 1 /INPUT 4 "b";
    .port_info 2 /INPUT 1 "cin";
    .port_info 3 /OUTPUT 4 "sum";
    .port_info 4 /OUTPUT 1 "cout";
L_0x555860820f00 .functor XOR 4, L_0x555860825bc0, L_0x555860825c60, C4<0000>, C4<0000>;
L_0x555860820f70 .functor AND 4, L_0x555860825bc0, L_0x555860825c60, C4<1111>, C4<1111>;
L_0x555860821080 .functor BUFZ 1, L_0x555860820a80, C4<0>, C4<0>, C4<0>;
L_0x555860821320 .functor AND 1, L_0x555860821190, L_0x555860821280, C4<1>, C4<1>;
L_0x555860821430 .functor OR 1, L_0x5558608210f0, L_0x555860821320, C4<0>, C4<0>;
L_0x555860821720 .functor AND 1, L_0x5558608215e0, L_0x555860821680, C4<1>, C4<1>;
L_0x555860821820 .functor OR 1, L_0x555860821540, L_0x555860821720, C4<0>, C4<0>;
L_0x555860821ac0 .functor AND 1, L_0x555860821930, L_0x5558608219d0, C4<1>, C4<1>;
L_0x555860821cc0 .functor AND 1, L_0x555860821ac0, L_0x555860821bd0, C4<1>, C4<1>;
L_0x555860821dd0 .functor OR 1, L_0x555860821820, L_0x555860821cc0, C4<0>, C4<0>;
L_0x555860822330 .functor AND 1, L_0x555860822180, L_0x555860822290, C4<1>, C4<1>;
L_0x5558608223f0 .functor OR 1, L_0x5558608220e0, L_0x555860822330, C4<0>, C4<0>;
L_0x555860822220 .functor AND 1, L_0x555860822570, L_0x555860822690, C4<1>, C4<1>;
L_0x555860822900 .functor AND 1, L_0x555860822220, L_0x5558608227d0, C4<1>, C4<1>;
L_0x555860822500 .functor OR 1, L_0x5558608223f0, L_0x555860822900, C4<0>, C4<0>;
L_0x555860822d10 .functor AND 1, L_0x555860822b30, L_0x555860822bd0, C4<1>, C4<1>;
L_0x555860822f50 .functor AND 1, L_0x555860822d10, L_0x555860822eb0, C4<1>, C4<1>;
L_0x5558608231b0 .functor AND 1, L_0x555860822f50, L_0x555860823060, C4<1>, C4<1>;
L_0x555860823310 .functor OR 1, L_0x555860822500, L_0x5558608231b0, C4<0>, C4<0>;
L_0x555860823670 .functor AND 1, L_0x555860823470, L_0x5558608235d0, C4<1>, C4<1>;
L_0x555860823830 .functor OR 1, L_0x555860822c70, L_0x555860823670, C4<0>, C4<0>;
L_0x555860823ab0 .functor AND 1, L_0x555860823270, L_0x555860823a10, C4<1>, C4<1>;
L_0x555860823e00 .functor AND 1, L_0x555860823ab0, L_0x555860823c80, C4<1>, C4<1>;
L_0x555860823f10 .functor OR 1, L_0x555860823830, L_0x555860823e00, C4<0>, C4<0>;
L_0x555860824530 .functor AND 1, L_0x5558608240f0, L_0x555860824190, C4<1>, C4<1>;
L_0x5558608246e0 .functor AND 1, L_0x555860824530, L_0x555860824640, C4<1>, C4<1>;
L_0x555860824a70 .functor AND 1, L_0x5558608246e0, L_0x5558608248d0, C4<1>, C4<1>;
L_0x555860824b80 .functor OR 1, L_0x555860823f10, L_0x555860824a70, C4<0>, C4<0>;
L_0x555860824fd0 .functor AND 1, L_0x555860824d80, L_0x555860824e20, C4<1>, C4<1>;
L_0x555860825180 .functor AND 1, L_0x555860824fd0, L_0x5558608250e0, C4<1>, C4<1>;
L_0x555860825550 .functor AND 1, L_0x555860825180, L_0x555860825390, C4<1>, C4<1>;
L_0x555860825700 .functor AND 1, L_0x555860825550, L_0x555860825660, C4<1>, C4<1>;
L_0x555860825920 .functor OR 1, L_0x555860824b80, L_0x555860825700, C4<0>, C4<0>;
L_0x555860825a30 .functor XOR 4, L_0x555860820f00, L_0x555860821f40, C4<0000>, C4<0000>;
v0x55586080e6e0_0 .net *"_ivl_102", 0 0, L_0x555860823c80;  1 drivers
v0x55586080e7c0_0 .net *"_ivl_103", 0 0, L_0x555860823e00;  1 drivers
v0x55586080e8a0_0 .net *"_ivl_105", 0 0, L_0x555860823f10;  1 drivers
v0x55586080e960_0 .net *"_ivl_108", 0 0, L_0x5558608240f0;  1 drivers
v0x55586080ea40_0 .net *"_ivl_11", 0 0, L_0x5558608210f0;  1 drivers
v0x55586080eb70_0 .net *"_ivl_110", 0 0, L_0x555860824190;  1 drivers
v0x55586080ec50_0 .net *"_ivl_111", 0 0, L_0x555860824530;  1 drivers
v0x55586080ed30_0 .net *"_ivl_114", 0 0, L_0x555860824640;  1 drivers
v0x55586080ee10_0 .net *"_ivl_115", 0 0, L_0x5558608246e0;  1 drivers
v0x55586080eef0_0 .net *"_ivl_118", 0 0, L_0x5558608248d0;  1 drivers
v0x55586080efd0_0 .net *"_ivl_119", 0 0, L_0x555860824a70;  1 drivers
v0x55586080f0b0_0 .net *"_ivl_121", 0 0, L_0x555860824b80;  1 drivers
v0x55586080f190_0 .net *"_ivl_124", 0 0, L_0x555860824d80;  1 drivers
v0x55586080f270_0 .net *"_ivl_126", 0 0, L_0x555860824e20;  1 drivers
v0x55586080f350_0 .net *"_ivl_127", 0 0, L_0x555860824fd0;  1 drivers
v0x55586080f430_0 .net *"_ivl_13", 0 0, L_0x555860821190;  1 drivers
v0x55586080f510_0 .net *"_ivl_130", 0 0, L_0x5558608250e0;  1 drivers
v0x55586080f5f0_0 .net *"_ivl_131", 0 0, L_0x555860825180;  1 drivers
v0x55586080f6d0_0 .net *"_ivl_134", 0 0, L_0x555860825390;  1 drivers
v0x55586080f7b0_0 .net *"_ivl_135", 0 0, L_0x555860825550;  1 drivers
v0x55586080f890_0 .net *"_ivl_138", 0 0, L_0x555860825660;  1 drivers
v0x55586080f970_0 .net *"_ivl_139", 0 0, L_0x555860825700;  1 drivers
v0x55586080fa50_0 .net *"_ivl_15", 0 0, L_0x555860821280;  1 drivers
v0x55586080fb30_0 .net *"_ivl_16", 0 0, L_0x555860821320;  1 drivers
v0x55586080fc10_0 .net *"_ivl_18", 0 0, L_0x555860821430;  1 drivers
v0x55586080fcf0_0 .net *"_ivl_23", 0 0, L_0x555860821540;  1 drivers
v0x55586080fdd0_0 .net *"_ivl_25", 0 0, L_0x5558608215e0;  1 drivers
v0x55586080feb0_0 .net *"_ivl_27", 0 0, L_0x555860821680;  1 drivers
v0x55586080ff90_0 .net *"_ivl_28", 0 0, L_0x555860821720;  1 drivers
v0x555860810070_0 .net *"_ivl_30", 0 0, L_0x555860821820;  1 drivers
v0x555860810150_0 .net *"_ivl_33", 0 0, L_0x555860821930;  1 drivers
v0x555860810230_0 .net *"_ivl_35", 0 0, L_0x5558608219d0;  1 drivers
v0x555860810310_0 .net *"_ivl_36", 0 0, L_0x555860821ac0;  1 drivers
v0x5558608103f0_0 .net *"_ivl_39", 0 0, L_0x555860821bd0;  1 drivers
v0x5558608104d0_0 .net *"_ivl_40", 0 0, L_0x555860821cc0;  1 drivers
v0x5558608105b0_0 .net *"_ivl_42", 0 0, L_0x555860821dd0;  1 drivers
v0x555860810690_0 .net *"_ivl_48", 0 0, L_0x5558608220e0;  1 drivers
v0x555860810770_0 .net *"_ivl_50", 0 0, L_0x555860822180;  1 drivers
v0x555860810850_0 .net *"_ivl_52", 0 0, L_0x555860822290;  1 drivers
v0x555860810930_0 .net *"_ivl_53", 0 0, L_0x555860822330;  1 drivers
v0x555860810a10_0 .net *"_ivl_55", 0 0, L_0x5558608223f0;  1 drivers
v0x555860810af0_0 .net *"_ivl_58", 0 0, L_0x555860822570;  1 drivers
v0x555860810bd0_0 .net *"_ivl_60", 0 0, L_0x555860822690;  1 drivers
v0x555860810cb0_0 .net *"_ivl_61", 0 0, L_0x555860822220;  1 drivers
v0x555860810d90_0 .net *"_ivl_64", 0 0, L_0x5558608227d0;  1 drivers
v0x555860810e70_0 .net *"_ivl_65", 0 0, L_0x555860822900;  1 drivers
v0x555860810f50_0 .net *"_ivl_67", 0 0, L_0x555860822500;  1 drivers
v0x555860811030_0 .net *"_ivl_7", 0 0, L_0x555860821080;  1 drivers
v0x555860811110_0 .net *"_ivl_70", 0 0, L_0x555860822b30;  1 drivers
v0x5558608111f0_0 .net *"_ivl_72", 0 0, L_0x555860822bd0;  1 drivers
v0x5558608112d0_0 .net *"_ivl_73", 0 0, L_0x555860822d10;  1 drivers
v0x5558608113b0_0 .net *"_ivl_76", 0 0, L_0x555860822eb0;  1 drivers
v0x555860811490_0 .net *"_ivl_77", 0 0, L_0x555860822f50;  1 drivers
v0x555860811570_0 .net *"_ivl_80", 0 0, L_0x555860823060;  1 drivers
v0x555860811650_0 .net *"_ivl_81", 0 0, L_0x5558608231b0;  1 drivers
v0x555860811730_0 .net *"_ivl_83", 0 0, L_0x555860823310;  1 drivers
v0x555860811810_0 .net *"_ivl_86", 0 0, L_0x555860822c70;  1 drivers
v0x5558608118f0_0 .net *"_ivl_88", 0 0, L_0x555860823470;  1 drivers
v0x5558608119d0_0 .net *"_ivl_90", 0 0, L_0x5558608235d0;  1 drivers
v0x555860811ab0_0 .net *"_ivl_91", 0 0, L_0x555860823670;  1 drivers
v0x555860811b90_0 .net *"_ivl_93", 0 0, L_0x555860823830;  1 drivers
v0x555860811c70_0 .net *"_ivl_96", 0 0, L_0x555860823270;  1 drivers
v0x555860811d50_0 .net *"_ivl_98", 0 0, L_0x555860823a10;  1 drivers
v0x555860811e30_0 .net *"_ivl_99", 0 0, L_0x555860823ab0;  1 drivers
v0x555860811f10_0 .net "a", 3 0, L_0x555860825bc0;  1 drivers
v0x555860812400_0 .net "b", 3 0, L_0x555860825c60;  1 drivers
v0x5558608124e0_0 .net "c", 3 0, L_0x555860821f40;  1 drivers
v0x5558608125c0_0 .net "cin", 0 0, L_0x555860820a80;  alias, 1 drivers
v0x555860812660_0 .net "cout", 0 0, L_0x555860825920;  alias, 1 drivers
v0x555860812700_0 .net "g", 3 0, L_0x555860820f70;  1 drivers
v0x5558608127e0_0 .net "p", 3 0, L_0x555860820f00;  1 drivers
v0x5558608128c0_0 .net "sum", 3 0, L_0x555860825a30;  1 drivers
L_0x5558608210f0 .part L_0x555860820f70, 0, 1;
L_0x555860821190 .part L_0x555860820f00, 0, 1;
L_0x555860821280 .part L_0x555860821f40, 0, 1;
L_0x555860821540 .part L_0x555860820f70, 1, 1;
L_0x5558608215e0 .part L_0x555860820f00, 1, 1;
L_0x555860821680 .part L_0x555860820f70, 0, 1;
L_0x555860821930 .part L_0x555860820f00, 1, 1;
L_0x5558608219d0 .part L_0x555860820f00, 0, 1;
L_0x555860821bd0 .part L_0x555860821f40, 0, 1;
L_0x555860821f40 .concat8 [ 1 1 1 1], L_0x555860821080, L_0x555860821430, L_0x555860821dd0, L_0x555860823310;
L_0x5558608220e0 .part L_0x555860820f70, 2, 1;
L_0x555860822180 .part L_0x555860820f00, 2, 1;
L_0x555860822290 .part L_0x555860820f70, 1, 1;
L_0x555860822570 .part L_0x555860820f00, 2, 1;
L_0x555860822690 .part L_0x555860820f00, 1, 1;
L_0x5558608227d0 .part L_0x555860820f70, 0, 1;
L_0x555860822b30 .part L_0x555860820f00, 2, 1;
L_0x555860822bd0 .part L_0x555860820f00, 1, 1;
L_0x555860822eb0 .part L_0x555860820f00, 0, 1;
L_0x555860823060 .part L_0x555860821f40, 0, 1;
L_0x555860822c70 .part L_0x555860820f70, 3, 1;
L_0x555860823470 .part L_0x555860820f00, 3, 1;
L_0x5558608235d0 .part L_0x555860820f70, 2, 1;
L_0x555860823270 .part L_0x555860820f00, 3, 1;
L_0x555860823a10 .part L_0x555860820f00, 2, 1;
L_0x555860823c80 .part L_0x555860820f70, 1, 1;
L_0x5558608240f0 .part L_0x555860820f00, 3, 1;
L_0x555860824190 .part L_0x555860820f00, 2, 1;
L_0x555860824640 .part L_0x555860820f00, 1, 1;
L_0x5558608248d0 .part L_0x555860820f70, 0, 1;
L_0x555860824d80 .part L_0x555860820f00, 3, 1;
L_0x555860824e20 .part L_0x555860820f00, 2, 1;
L_0x5558608250e0 .part L_0x555860820f00, 1, 1;
L_0x555860825390 .part L_0x555860820f00, 0, 1;
L_0x555860825660 .part L_0x555860821f40, 0, 1;
S_0x555860812a40 .scope module, "cla3" "carry_look_ahead_4bit" 2 15, 2 24 0, S_0x5558607d7b30;
 .timescale -9 -12;
    .port_info 0 /INPUT 4 "a";
    .port_info 1 /INPUT 4 "b";
    .port_info 2 /INPUT 1 "cin";
    .port_info 3 /OUTPUT 4 "sum";
    .port_info 4 /OUTPUT 1 "cout";
L_0x555860825d30 .functor XOR 4, L_0x55586082a990, L_0x55586082aa30, C4<0000>, C4<0000>;
L_0x555860825da0 .functor AND 4, L_0x55586082a990, L_0x55586082aa30, C4<1111>, C4<1111>;
L_0x555860825eb0 .functor BUFZ 1, L_0x555860825920, C4<0>, C4<0>, C4<0>;
L_0x555860826150 .functor AND 1, L_0x555860825fc0, L_0x5558608260b0, C4<1>, C4<1>;
L_0x555860826290 .functor OR 1, L_0x555860825f20, L_0x555860826150, C4<0>, C4<0>;
L_0x5558608265b0 .functor AND 1, L_0x555860826470, L_0x555860826510, C4<1>, C4<1>;
L_0x555860826670 .functor OR 1, L_0x5558608263a0, L_0x5558608265b0, C4<0>, C4<0>;
L_0x555860826910 .functor AND 1, L_0x555860826780, L_0x555860826820, C4<1>, C4<1>;
L_0x555860826b10 .functor AND 1, L_0x555860826910, L_0x555860826a20, C4<1>, C4<1>;
L_0x555860826c20 .functor OR 1, L_0x555860826670, L_0x555860826b10, C4<0>, C4<0>;
L_0x555860827180 .functor AND 1, L_0x555860826fd0, L_0x5558608270e0, C4<1>, C4<1>;
L_0x555860827240 .functor OR 1, L_0x555860826f30, L_0x555860827180, C4<0>, C4<0>;
L_0x555860827070 .functor AND 1, L_0x5558608273c0, L_0x5558608274e0, C4<1>, C4<1>;
L_0x555860827750 .functor AND 1, L_0x555860827070, L_0x555860827620, C4<1>, C4<1>;
L_0x555860827350 .functor OR 1, L_0x555860827240, L_0x555860827750, C4<0>, C4<0>;
L_0x555860827ae0 .functor AND 1, L_0x555860827900, L_0x5558608279a0, C4<1>, C4<1>;
L_0x555860827d20 .functor AND 1, L_0x555860827ae0, L_0x555860827c80, C4<1>, C4<1>;
L_0x555860827f80 .functor AND 1, L_0x555860827d20, L_0x555860827e30, C4<1>, C4<1>;
L_0x5558608280e0 .functor OR 1, L_0x555860827350, L_0x555860827f80, C4<0>, C4<0>;
L_0x555860828440 .functor AND 1, L_0x555860828240, L_0x5558608283a0, C4<1>, C4<1>;
L_0x555860828600 .functor OR 1, L_0x555860827a40, L_0x555860828440, C4<0>, C4<0>;
L_0x555860828880 .functor AND 1, L_0x555860828040, L_0x5558608287e0, C4<1>, C4<1>;
L_0x555860828bd0 .functor AND 1, L_0x555860828880, L_0x555860828a50, C4<1>, C4<1>;
L_0x555860828ce0 .functor OR 1, L_0x555860828600, L_0x555860828bd0, C4<0>, C4<0>;
L_0x555860829300 .functor AND 1, L_0x555860828ec0, L_0x555860828f60, C4<1>, C4<1>;
L_0x5558608294b0 .functor AND 1, L_0x555860829300, L_0x555860829410, C4<1>, C4<1>;
L_0x555860829840 .functor AND 1, L_0x5558608294b0, L_0x5558608296a0, C4<1>, C4<1>;
L_0x555860829950 .functor OR 1, L_0x555860828ce0, L_0x555860829840, C4<0>, C4<0>;
L_0x555860829da0 .functor AND 1, L_0x555860829b50, L_0x555860829bf0, C4<1>, C4<1>;
L_0x555860829f50 .functor AND 1, L_0x555860829da0, L_0x555860829eb0, C4<1>, C4<1>;
L_0x55586082a320 .functor AND 1, L_0x555860829f50, L_0x55586082a160, C4<1>, C4<1>;
L_0x55586082a4d0 .functor AND 1, L_0x55586082a320, L_0x55586082a430, C4<1>, C4<1>;
L_0x55586082a6f0 .functor OR 1, L_0x555860829950, L_0x55586082a4d0, C4<0>, C4<0>;
L_0x55586082a800 .functor XOR 4, L_0x555860825d30, L_0x555860826d90, C4<0000>, C4<0000>;
v0x555860812c00_0 .net *"_ivl_102", 0 0, L_0x555860828a50;  1 drivers
v0x555860812ce0_0 .net *"_ivl_103", 0 0, L_0x555860828bd0;  1 drivers
v0x555860812dc0_0 .net *"_ivl_105", 0 0, L_0x555860828ce0;  1 drivers
v0x555860812eb0_0 .net *"_ivl_108", 0 0, L_0x555860828ec0;  1 drivers
v0x555860812f90_0 .net *"_ivl_11", 0 0, L_0x555860825f20;  1 drivers
v0x5558608130c0_0 .net *"_ivl_110", 0 0, L_0x555860828f60;  1 drivers
v0x5558608131a0_0 .net *"_ivl_111", 0 0, L_0x555860829300;  1 drivers
v0x555860813280_0 .net *"_ivl_114", 0 0, L_0x555860829410;  1 drivers
v0x555860813360_0 .net *"_ivl_115", 0 0, L_0x5558608294b0;  1 drivers
v0x555860813440_0 .net *"_ivl_118", 0 0, L_0x5558608296a0;  1 drivers
v0x555860813520_0 .net *"_ivl_119", 0 0, L_0x555860829840;  1 drivers
v0x555860813600_0 .net *"_ivl_121", 0 0, L_0x555860829950;  1 drivers
v0x5558608136e0_0 .net *"_ivl_124", 0 0, L_0x555860829b50;  1 drivers
v0x5558608137c0_0 .net *"_ivl_126", 0 0, L_0x555860829bf0;  1 drivers
v0x5558608138a0_0 .net *"_ivl_127", 0 0, L_0x555860829da0;  1 drivers
v0x555860813980_0 .net *"_ivl_13", 0 0, L_0x555860825fc0;  1 drivers
v0x555860813a60_0 .net *"_ivl_130", 0 0, L_0x555860829eb0;  1 drivers
v0x555860813b40_0 .net *"_ivl_131", 0 0, L_0x555860829f50;  1 drivers
v0x555860813c20_0 .net *"_ivl_134", 0 0, L_0x55586082a160;  1 drivers
v0x555860813d00_0 .net *"_ivl_135", 0 0, L_0x55586082a320;  1 drivers
v0x555860813de0_0 .net *"_ivl_138", 0 0, L_0x55586082a430;  1 drivers
v0x555860813ec0_0 .net *"_ivl_139", 0 0, L_0x55586082a4d0;  1 drivers
v0x555860813fa0_0 .net *"_ivl_15", 0 0, L_0x5558608260b0;  1 drivers
v0x555860814080_0 .net *"_ivl_16", 0 0, L_0x555860826150;  1 drivers
v0x555860814160_0 .net *"_ivl_18", 0 0, L_0x555860826290;  1 drivers
v0x555860814240_0 .net *"_ivl_23", 0 0, L_0x5558608263a0;  1 drivers
v0x555860814320_0 .net *"_ivl_25", 0 0, L_0x555860826470;  1 drivers
v0x555860814400_0 .net *"_ivl_27", 0 0, L_0x555860826510;  1 drivers
v0x5558608144e0_0 .net *"_ivl_28", 0 0, L_0x5558608265b0;  1 drivers
v0x5558608145c0_0 .net *"_ivl_30", 0 0, L_0x555860826670;  1 drivers
v0x5558608146a0_0 .net *"_ivl_33", 0 0, L_0x555860826780;  1 drivers
v0x555860814780_0 .net *"_ivl_35", 0 0, L_0x555860826820;  1 drivers
v0x555860814860_0 .net *"_ivl_36", 0 0, L_0x555860826910;  1 drivers
v0x555860814940_0 .net *"_ivl_39", 0 0, L_0x555860826a20;  1 drivers
v0x555860814a20_0 .net *"_ivl_40", 0 0, L_0x555860826b10;  1 drivers
v0x555860814b00_0 .net *"_ivl_42", 0 0, L_0x555860826c20;  1 drivers
v0x555860814be0_0 .net *"_ivl_48", 0 0, L_0x555860826f30;  1 drivers
v0x555860814cc0_0 .net *"_ivl_50", 0 0, L_0x555860826fd0;  1 drivers
v0x555860814da0_0 .net *"_ivl_52", 0 0, L_0x5558608270e0;  1 drivers
v0x555860814e80_0 .net *"_ivl_53", 0 0, L_0x555860827180;  1 drivers
v0x555860814f60_0 .net *"_ivl_55", 0 0, L_0x555860827240;  1 drivers
v0x555860815040_0 .net *"_ivl_58", 0 0, L_0x5558608273c0;  1 drivers
v0x555860815120_0 .net *"_ivl_60", 0 0, L_0x5558608274e0;  1 drivers
v0x555860815200_0 .net *"_ivl_61", 0 0, L_0x555860827070;  1 drivers
v0x5558608152e0_0 .net *"_ivl_64", 0 0, L_0x555860827620;  1 drivers
v0x5558608153c0_0 .net *"_ivl_65", 0 0, L_0x555860827750;  1 drivers
v0x5558608154a0_0 .net *"_ivl_67", 0 0, L_0x555860827350;  1 drivers
v0x555860815580_0 .net *"_ivl_7", 0 0, L_0x555860825eb0;  1 drivers
v0x555860815660_0 .net *"_ivl_70", 0 0, L_0x555860827900;  1 drivers
v0x555860815740_0 .net *"_ivl_72", 0 0, L_0x5558608279a0;  1 drivers
v0x555860815820_0 .net *"_ivl_73", 0 0, L_0x555860827ae0;  1 drivers
v0x555860815900_0 .net *"_ivl_76", 0 0, L_0x555860827c80;  1 drivers
v0x5558608159e0_0 .net *"_ivl_77", 0 0, L_0x555860827d20;  1 drivers
v0x555860815ac0_0 .net *"_ivl_80", 0 0, L_0x555860827e30;  1 drivers
v0x555860815ba0_0 .net *"_ivl_81", 0 0, L_0x555860827f80;  1 drivers
v0x555860815c80_0 .net *"_ivl_83", 0 0, L_0x5558608280e0;  1 drivers
v0x555860815d60_0 .net *"_ivl_86", 0 0, L_0x555860827a40;  1 drivers
v0x555860815e40_0 .net *"_ivl_88", 0 0, L_0x555860828240;  1 drivers
v0x555860815f20_0 .net *"_ivl_90", 0 0, L_0x5558608283a0;  1 drivers
v0x555860816000_0 .net *"_ivl_91", 0 0, L_0x555860828440;  1 drivers
v0x5558608160e0_0 .net *"_ivl_93", 0 0, L_0x555860828600;  1 drivers
v0x5558608161c0_0 .net *"_ivl_96", 0 0, L_0x555860828040;  1 drivers
v0x5558608162a0_0 .net *"_ivl_98", 0 0, L_0x5558608287e0;  1 drivers
v0x555860816380_0 .net *"_ivl_99", 0 0, L_0x555860828880;  1 drivers
v0x555860816460_0 .net "a", 3 0, L_0x55586082a990;  1 drivers
v0x555860816950_0 .net "b", 3 0, L_0x55586082aa30;  1 drivers
v0x555860816a30_0 .net "c", 3 0, L_0x555860826d90;  1 drivers
v0x555860816b10_0 .net "cin", 0 0, L_0x555860825920;  alias, 1 drivers
v0x555860816bb0_0 .net "cout", 0 0, L_0x55586082a6f0;  alias, 1 drivers
v0x555860816c50_0 .net "g", 3 0, L_0x555860825da0;  1 drivers
v0x555860816d30_0 .net "p", 3 0, L_0x555860825d30;  1 drivers
v0x555860816e10_0 .net "sum", 3 0, L_0x55586082a800;  1 drivers
L_0x555860825f20 .part L_0x555860825da0, 0, 1;
L_0x555860825fc0 .part L_0x555860825d30, 0, 1;
L_0x5558608260b0 .part L_0x555860826d90, 0, 1;
L_0x5558608263a0 .part L_0x555860825da0, 1, 1;
L_0x555860826470 .part L_0x555860825d30, 1, 1;
L_0x555860826510 .part L_0x555860825da0, 0, 1;
L_0x555860826780 .part L_0x555860825d30, 1, 1;
L_0x555860826820 .part L_0x555860825d30, 0, 1;
L_0x555860826a20 .part L_0x555860826d90, 0, 1;
L_0x555860826d90 .concat8 [ 1 1 1 1], L_0x555860825eb0, L_0x555860826290, L_0x555860826c20, L_0x5558608280e0;
L_0x555860826f30 .part L_0x555860825da0, 2, 1;
L_0x555860826fd0 .part L_0x555860825d30, 2, 1;
L_0x5558608270e0 .part L_0x555860825da0, 1, 1;
L_0x5558608273c0 .part L_0x555860825d30, 2, 1;
L_0x5558608274e0 .part L_0x555860825d30, 1, 1;
L_0x555860827620 .part L_0x555860825da0, 0, 1;
L_0x555860827900 .part L_0x555860825d30, 2, 1;
L_0x5558608279a0 .part L_0x555860825d30, 1, 1;
L_0x555860827c80 .part L_0x555860825d30, 0, 1;
L_0x555860827e30 .part L_0x555860826d90, 0, 1;
L_0x555860827a40 .part L_0x555860825da0, 3, 1;
L_0x555860828240 .part L_0x555860825d30, 3, 1;
L_0x5558608283a0 .part L_0x555860825da0, 2, 1;
L_0x555860828040 .part L_0x555860825d30, 3, 1;
L_0x5558608287e0 .part L_0x555860825d30, 2, 1;
L_0x555860828a50 .part L_0x555860825da0, 1, 1;
L_0x555860828ec0 .part L_0x555860825d30, 3, 1;
L_0x555860828f60 .part L_0x555860825d30, 2, 1;
L_0x555860829410 .part L_0x555860825d30, 1, 1;
L_0x5558608296a0 .part L_0x555860825da0, 0, 1;
L_0x555860829b50 .part L_0x555860825d30, 3, 1;
L_0x555860829bf0 .part L_0x555860825d30, 2, 1;
L_0x555860829eb0 .part L_0x555860825d30, 1, 1;
L_0x55586082a160 .part L_0x555860825d30, 0, 1;
L_0x55586082a430 .part L_0x555860826d90, 0, 1;
S_0x555860816fc0 .scope module, "cla4" "carry_look_ahead_4bit" 2 16, 2 24 0, S_0x5558607d7b30;
 .timescale -9 -12;
    .port_info 0 /INPUT 4 "a";
    .port_info 1 /INPUT 4 "b";
    .port_info 2 /INPUT 1 "cin";
    .port_info 3 /OUTPUT 4 "sum";
    .port_info 4 /OUTPUT 1 "cout";
L_0x55586082aad0 .functor XOR 4, L_0x55586082f1e0, L_0x55586082f280, C4<0000>, C4<0000>;
L_0x55586082ab40 .functor AND 4, L_0x55586082f1e0, L_0x55586082f280, C4<1111>, C4<1111>;
L_0x55586082abb0 .functor BUFZ 1, L_0x55586082a6f0, C4<0>, C4<0>, C4<0>;
L_0x55586082ae50 .functor AND 1, L_0x55586082acc0, L_0x55586082adb0, C4<1>, C4<1>;
L_0x55586082af90 .functor OR 1, L_0x55586082ac20, L_0x55586082ae50, C4<0>, C4<0>;
L_0x55586082b340 .functor AND 1, L_0x55586082b170, L_0x55586082b210, C4<1>, C4<1>;
L_0x55586082b440 .functor OR 1, L_0x55586082b0a0, L_0x55586082b340, C4<0>, C4<0>;
L_0x55586082b770 .functor AND 1, L_0x55586082b550, L_0x55586082b680, C4<1>, C4<1>;
L_0x55586082b970 .functor AND 1, L_0x55586082b770, L_0x55586082b880, C4<1>, C4<1>;
L_0x55586082ba80 .functor OR 1, L_0x55586082b440, L_0x55586082b970, C4<0>, C4<0>;
L_0x55586082bfe0 .functor AND 1, L_0x55586082be30, L_0x55586082bf40, C4<1>, C4<1>;
L_0x55586082c0a0 .functor OR 1, L_0x55586082bd90, L_0x55586082bfe0, C4<0>, C4<0>;
L_0x55586082bed0 .functor AND 1, L_0x55586082c220, L_0x55586082c2c0, C4<1>, C4<1>;
L_0x55586082c530 .functor AND 1, L_0x55586082bed0, L_0x55586082c400, C4<1>, C4<1>;
L_0x55586082c1b0 .functor OR 1, L_0x55586082c0a0, L_0x55586082c530, C4<0>, C4<0>;
L_0x55586082c8c0 .functor AND 1, L_0x55586082c6e0, L_0x55586082c780, C4<1>, C4<1>;
L_0x55586082cb00 .functor AND 1, L_0x55586082c8c0, L_0x55586082ca60, C4<1>, C4<1>;
L_0x55586082cd60 .functor AND 1, L_0x55586082cb00, L_0x55586082cc10, C4<1>, C4<1>;
L_0x55586082cec0 .functor OR 1, L_0x55586082c1b0, L_0x55586082cd60, C4<0>, C4<0>;
L_0x55586082d220 .functor AND 1, L_0x55586082d020, L_0x55586082d180, C4<1>, C4<1>;
L_0x55586082d3e0 .functor OR 1, L_0x55586082c820, L_0x55586082d220, C4<0>, C4<0>;
L_0x55586082d5c0 .functor AND 1, L_0x55586082ce20, L_0x55586082d0c0, C4<1>, C4<1>;
L_0x55586082d4f0 .functor AND 1, L_0x55586082d5c0, L_0x55586082d330, C4<1>, C4<1>;
L_0x55586082d8c0 .functor OR 1, L_0x55586082d3e0, L_0x55586082d4f0, C4<0>, C4<0>;
L_0x55586082de40 .functor AND 1, L_0x55586082d6d0, L_0x55586082daa0, C4<1>, C4<1>;
L_0x55586082dff0 .functor AND 1, L_0x55586082de40, L_0x55586082df50, C4<1>, C4<1>;
L_0x55586082e2e0 .functor AND 1, L_0x55586082dff0, L_0x55586082d9d0, C4<1>, C4<1>;
L_0x55586082e3f0 .functor OR 1, L_0x55586082d8c0, L_0x55586082e2e0, C4<0>, C4<0>;
L_0x55586082e7a0 .functor AND 1, L_0x55586082e100, L_0x55586082e5f0, C4<1>, C4<1>;
L_0x55586082e950 .functor AND 1, L_0x55586082e7a0, L_0x55586082e8b0, C4<1>, C4<1>;
L_0x55586082ec80 .functor AND 1, L_0x55586082e950, L_0x55586082e500, C4<1>, C4<1>;
L_0x55586082ede0 .functor AND 1, L_0x55586082ec80, L_0x55586082ed40, C4<1>, C4<1>;
L_0x55586082ea60 .functor OR 1, L_0x55586082e3f0, L_0x55586082ede0, C4<0>, C4<0>;
L_0x55586082f050 .functor XOR 4, L_0x55586082aad0, L_0x55586082bbf0, C4<0000>, C4<0000>;
v0x555860817150_0 .net *"_ivl_102", 0 0, L_0x55586082d330;  1 drivers
v0x555860817250_0 .net *"_ivl_103", 0 0, L_0x55586082d4f0;  1 drivers
v0x555860817330_0 .net *"_ivl_105", 0 0, L_0x55586082d8c0;  1 drivers
v0x555860817420_0 .net *"_ivl_108", 0 0, L_0x55586082d6d0;  1 drivers
v0x555860817500_0 .net *"_ivl_11", 0 0, L_0x55586082ac20;  1 drivers
v0x555860817630_0 .net *"_ivl_110", 0 0, L_0x55586082daa0;  1 drivers
v0x555860817710_0 .net *"_ivl_111", 0 0, L_0x55586082de40;  1 drivers
v0x5558608177f0_0 .net *"_ivl_114", 0 0, L_0x55586082df50;  1 drivers
v0x5558608178d0_0 .net *"_ivl_115", 0 0, L_0x55586082dff0;  1 drivers
v0x5558608179b0_0 .net *"_ivl_118", 0 0, L_0x55586082d9d0;  1 drivers
v0x555860817a90_0 .net *"_ivl_119", 0 0, L_0x55586082e2e0;  1 drivers
v0x555860817b70_0 .net *"_ivl_121", 0 0, L_0x55586082e3f0;  1 drivers
v0x555860817c50_0 .net *"_ivl_124", 0 0, L_0x55586082e100;  1 drivers
v0x555860817d30_0 .net *"_ivl_126", 0 0, L_0x55586082e5f0;  1 drivers
v0x555860817e10_0 .net *"_ivl_127", 0 0, L_0x55586082e7a0;  1 drivers
v0x555860817ef0_0 .net *"_ivl_13", 0 0, L_0x55586082acc0;  1 drivers
v0x555860817fd0_0 .net *"_ivl_130", 0 0, L_0x55586082e8b0;  1 drivers
v0x5558608180b0_0 .net *"_ivl_131", 0 0, L_0x55586082e950;  1 drivers
v0x555860818190_0 .net *"_ivl_134", 0 0, L_0x55586082e500;  1 drivers
v0x555860818270_0 .net *"_ivl_135", 0 0, L_0x55586082ec80;  1 drivers
v0x555860818350_0 .net *"_ivl_138", 0 0, L_0x55586082ed40;  1 drivers
v0x555860818430_0 .net *"_ivl_139", 0 0, L_0x55586082ede0;  1 drivers
v0x555860818510_0 .net *"_ivl_15", 0 0, L_0x55586082adb0;  1 drivers
v0x5558608185f0_0 .net *"_ivl_16", 0 0, L_0x55586082ae50;  1 drivers
v0x5558608186d0_0 .net *"_ivl_18", 0 0, L_0x55586082af90;  1 drivers
v0x5558608187b0_0 .net *"_ivl_23", 0 0, L_0x55586082b0a0;  1 drivers
v0x555860818890_0 .net *"_ivl_25", 0 0, L_0x55586082b170;  1 drivers
v0x555860818970_0 .net *"_ivl_27", 0 0, L_0x55586082b210;  1 drivers
v0x555860818a50_0 .net *"_ivl_28", 0 0, L_0x55586082b340;  1 drivers
v0x555860818b30_0 .net *"_ivl_30", 0 0, L_0x55586082b440;  1 drivers
v0x555860818c10_0 .net *"_ivl_33", 0 0, L_0x55586082b550;  1 drivers
v0x555860818cf0_0 .net *"_ivl_35", 0 0, L_0x55586082b680;  1 drivers
v0x555860818dd0_0 .net *"_ivl_36", 0 0, L_0x55586082b770;  1 drivers
v0x555860818eb0_0 .net *"_ivl_39", 0 0, L_0x55586082b880;  1 drivers
v0x555860818f90_0 .net *"_ivl_40", 0 0, L_0x55586082b970;  1 drivers
v0x555860819070_0 .net *"_ivl_42", 0 0, L_0x55586082ba80;  1 drivers
v0x555860819150_0 .net *"_ivl_48", 0 0, L_0x55586082bd90;  1 drivers
v0x555860819230_0 .net *"_ivl_50", 0 0, L_0x55586082be30;  1 drivers
v0x555860819310_0 .net *"_ivl_52", 0 0, L_0x55586082bf40;  1 drivers
v0x5558608193f0_0 .net *"_ivl_53", 0 0, L_0x55586082bfe0;  1 drivers
v0x5558608194d0_0 .net *"_ivl_55", 0 0, L_0x55586082c0a0;  1 drivers
v0x5558608195b0_0 .net *"_ivl_58", 0 0, L_0x55586082c220;  1 drivers
v0x555860819690_0 .net *"_ivl_60", 0 0, L_0x55586082c2c0;  1 drivers
v0x555860819770_0 .net *"_ivl_61", 0 0, L_0x55586082bed0;  1 drivers
v0x555860819850_0 .net *"_ivl_64", 0 0, L_0x55586082c400;  1 drivers
v0x555860819930_0 .net *"_ivl_65", 0 0, L_0x55586082c530;  1 drivers
v0x555860819a10_0 .net *"_ivl_67", 0 0, L_0x55586082c1b0;  1 drivers
v0x555860819af0_0 .net *"_ivl_7", 0 0, L_0x55586082abb0;  1 drivers
v0x555860819bd0_0 .net *"_ivl_70", 0 0, L_0x55586082c6e0;  1 drivers
v0x555860819cb0_0 .net *"_ivl_72", 0 0, L_0x55586082c780;  1 drivers
v0x555860819d90_0 .net *"_ivl_73", 0 0, L_0x55586082c8c0;  1 drivers
v0x555860819e70_0 .net *"_ivl_76", 0 0, L_0x55586082ca60;  1 drivers
v0x555860819f50_0 .net *"_ivl_77", 0 0, L_0x55586082cb00;  1 drivers
v0x55586081a030_0 .net *"_ivl_80", 0 0, L_0x55586082cc10;  1 drivers
v0x55586081a110_0 .net *"_ivl_81", 0 0, L_0x55586082cd60;  1 drivers
v0x55586081a1f0_0 .net *"_ivl_83", 0 0, L_0x55586082cec0;  1 drivers
v0x55586081a2d0_0 .net *"_ivl_86", 0 0, L_0x55586082c820;  1 drivers
v0x55586081a3b0_0 .net *"_ivl_88", 0 0, L_0x55586082d020;  1 drivers
v0x55586081a490_0 .net *"_ivl_90", 0 0, L_0x55586082d180;  1 drivers
v0x55586081a570_0 .net *"_ivl_91", 0 0, L_0x55586082d220;  1 drivers
v0x55586081a650_0 .net *"_ivl_93", 0 0, L_0x55586082d3e0;  1 drivers
v0x55586081a730_0 .net *"_ivl_96", 0 0, L_0x55586082ce20;  1 drivers
v0x55586081a810_0 .net *"_ivl_98", 0 0, L_0x55586082d0c0;  1 drivers
v0x55586081a8f0_0 .net *"_ivl_99", 0 0, L_0x55586082d5c0;  1 drivers
v0x55586081a9d0_0 .net "a", 3 0, L_0x55586082f1e0;  1 drivers
v0x55586081aec0_0 .net "b", 3 0, L_0x55586082f280;  1 drivers
v0x55586081afa0_0 .net "c", 3 0, L_0x55586082bbf0;  1 drivers
v0x55586081b080_0 .net "cin", 0 0, L_0x55586082a6f0;  alias, 1 drivers
v0x55586081b120_0 .net "cout", 0 0, L_0x55586082ea60;  alias, 1 drivers
v0x55586081b1c0_0 .net "g", 3 0, L_0x55586082ab40;  1 drivers
v0x55586081b2a0_0 .net "p", 3 0, L_0x55586082aad0;  1 drivers
v0x55586081b380_0 .net "sum", 3 0, L_0x55586082f050;  1 drivers
L_0x55586082ac20 .part L_0x55586082ab40, 0, 1;
L_0x55586082acc0 .part L_0x55586082aad0, 0, 1;
L_0x55586082adb0 .part L_0x55586082bbf0, 0, 1;
L_0x55586082b0a0 .part L_0x55586082ab40, 1, 1;
L_0x55586082b170 .part L_0x55586082aad0, 1, 1;
L_0x55586082b210 .part L_0x55586082ab40, 0, 1;
L_0x55586082b550 .part L_0x55586082aad0, 1, 1;
L_0x55586082b680 .part L_0x55586082aad0, 0, 1;
L_0x55586082b880 .part L_0x55586082bbf0, 0, 1;
L_0x55586082bbf0 .concat8 [ 1 1 1 1], L_0x55586082abb0, L_0x55586082af90, L_0x55586082ba80, L_0x55586082cec0;
L_0x55586082bd90 .part L_0x55586082ab40, 2, 1;
L_0x55586082be30 .part L_0x55586082aad0, 2, 1;
L_0x55586082bf40 .part L_0x55586082ab40, 1, 1;
L_0x55586082c220 .part L_0x55586082aad0, 2, 1;
L_0x55586082c2c0 .part L_0x55586082aad0, 1, 1;
L_0x55586082c400 .part L_0x55586082ab40, 0, 1;
L_0x55586082c6e0 .part L_0x55586082aad0, 2, 1;
L_0x55586082c780 .part L_0x55586082aad0, 1, 1;
L_0x55586082ca60 .part L_0x55586082aad0, 0, 1;
L_0x55586082cc10 .part L_0x55586082bbf0, 0, 1;
L_0x55586082c820 .part L_0x55586082ab40, 3, 1;
L_0x55586082d020 .part L_0x55586082aad0, 3, 1;
L_0x55586082d180 .part L_0x55586082ab40, 2, 1;
L_0x55586082ce20 .part L_0x55586082aad0, 3, 1;
L_0x55586082d0c0 .part L_0x55586082aad0, 2, 1;
L_0x55586082d330 .part L_0x55586082ab40, 1, 1;
L_0x55586082d6d0 .part L_0x55586082aad0, 3, 1;
L_0x55586082daa0 .part L_0x55586082aad0, 2, 1;
L_0x55586082df50 .part L_0x55586082aad0, 1, 1;
L_0x55586082d9d0 .part L_0x55586082ab40, 0, 1;
L_0x55586082e100 .part L_0x55586082aad0, 3, 1;
L_0x55586082e5f0 .part L_0x55586082aad0, 2, 1;
L_0x55586082e8b0 .part L_0x55586082aad0, 1, 1;
L_0x55586082e500 .part L_0x55586082aad0, 0, 1;
L_0x55586082ed40 .part L_0x55586082bbf0, 0, 1;
    .scope S_0x5558607c4500;
T_0 ;
    %pushi/vec4 0, 0, 16;
    %store/vec4 v0x55586081bc40_0, 0, 16;
    %pushi/vec4 0, 0, 16;
    %store/vec4 v0x55586081bd20_0, 0, 16;
    %pushi/vec4 0, 0, 1;
    %store/vec4 v0x55586081bdc0_0, 0, 1;
    %delay 10000, 0;
    %pushi/vec4 0, 0, 16;
    %store/vec4 v0x55586081bc40_0, 0, 16;
    %pushi/vec4 0, 0, 16;
    %store/vec4 v0x55586081bd20_0, 0, 16;
    %pushi/vec4 1, 0, 1;
    %store/vec4 v0x55586081bdc0_0, 0, 1;
    %delay 10000, 0;
    %pushi/vec4 14, 0, 16;
    %store/vec4 v0x55586081bc40_0, 0, 16;
    %pushi/vec4 1, 0, 16;
    %store/vec4 v0x55586081bd20_0, 0, 16;
    %pushi/vec4 1, 0, 1;
    %store/vec4 v0x55586081bdc0_0, 0, 1;
    %delay 10000, 0;
    %pushi/vec4 5, 0, 16;
    %store/vec4 v0x55586081bc40_0, 0, 16;
    %pushi/vec4 0, 0, 16;
    %store/vec4 v0x55586081bd20_0, 0, 16;
    %pushi/vec4 0, 0, 1;
    %store/vec4 v0x55586081bdc0_0, 0, 1;
    %delay 10000, 0;
    %pushi/vec4 999, 0, 16;
    %store/vec4 v0x55586081bc40_0, 0, 16;
    %pushi/vec4 0, 0, 16;
    %store/vec4 v0x55586081bd20_0, 0, 16;
    %pushi/vec4 1, 0, 1;
    %store/vec4 v0x55586081bdc0_0, 0, 1;
    %end;
    .thread T_0;
    .scope S_0x5558607c4500;
T_1 ;
    %vpi_call 2 65 "$monitor", "A=%d, B=%d, Cin= %d, Sum=%d, Cout=%d", v0x55586081bc40_0, v0x55586081bd20_0, v0x55586081bdc0_0, v0x55586081bfd0_0, v0x55586081bee0_0 {0 0 0};
    %end;
    .thread T_1;
# The file index is used to find the file name in the following table.
:file_names 3;
    "N/A";
    "<interactive>";
    "clacode.v";
