#! /usr/bin/vvp
:ivl_version "11.0 (stable)";
:ivl_delay_selection "TYPICAL";
:vpi_time_precision + 0;
:vpi_module "/usr/lib/x86_64-linux-gnu/ivl/system.vpi";
:vpi_module "/usr/lib/x86_64-linux-gnu/ivl/vhdl_sys.vpi";
:vpi_module "/usr/lib/x86_64-linux-gnu/ivl/vhdl_textio.vpi";
:vpi_module "/usr/lib/x86_64-linux-gnu/ivl/v2005_math.vpi";
:vpi_module "/usr/lib/x86_64-linux-gnu/ivl/va_math.vpi";
S_0x560794801e10 .scope module, "test" "test" 2 1;
 .timescale 0 0;
v0x560794803350_0 .var "a", 3 0;
v0x5607948037b0_0 .var "b", 3 0;
v0x560794803ba0_0 .var "c", 7 0;
    .scope S_0x560794801e10;
T_0 ;
    %pushi/vec4 10, 0, 4;
    %store/vec4 v0x560794803350_0, 0, 4;
    %pushi/vec4 7, 0, 4;
    %store/vec4 v0x5607948037b0_0, 0, 4;
    %load/vec4 v0x560794803350_0;
    %load/vec4 v0x5607948037b0_0;
    %mul;
    %vpi_call 2 9 "$display", "a*b=%d", S<0,vec4,u4> {1 0 0};
    %load/vec4 v0x560794803350_0;
    %pad/u 8;
    %load/vec4 v0x5607948037b0_0;
    %pad/u 8;
    %mul;
    %store/vec4 v0x560794803ba0_0, 0, 8;
    %vpi_call 2 12 "$display", "a*b=%d", v0x560794803ba0_0 {0 0 0};
    %load/vec4 v0x560794803350_0;
    %load/vec4 v0x5607948037b0_0;
    %mul;
    %pad/u 8;
    %store/vec4 v0x560794803ba0_0, 0, 8;
    %vpi_call 2 15 "$display", "a*b=%d", v0x560794803ba0_0 {0 0 0};
    %end;
    .thread T_0;
# The file index is used to find the file name in the following table.
:file_names 3;
    "N/A";
    "<interactive>";
    "ex2_bit_length.v";
