#! /usr/bin/vvp
:ivl_version "11.0 (stable)";
:ivl_delay_selection "TYPICAL";
:vpi_time_precision + 0;
:vpi_module "/usr/lib/x86_64-linux-gnu/ivl/system.vpi";
:vpi_module "/usr/lib/x86_64-linux-gnu/ivl/vhdl_sys.vpi";
:vpi_module "/usr/lib/x86_64-linux-gnu/ivl/vhdl_textio.vpi";
:vpi_module "/usr/lib/x86_64-linux-gnu/ivl/v2005_math.vpi";
:vpi_module "/usr/lib/x86_64-linux-gnu/ivl/va_math.vpi";
S_0x5567a4426c20 .scope module, "tb" "tb" 2 42;
 .timescale 0 0;
v0x5567a4452350_0 .net "m", 3 0, L_0x5567a44531a0;  1 drivers
v0x5567a4452430_0 .var "s", 0 0;
v0x5567a44524d0_0 .var "x", 3 0;
v0x5567a44525d0_0 .var "y", 3 0;
S_0x5567a4428dd0 .scope module, "u0" "MUX4" 2 49, 2 24 0, S_0x5567a4426c20;
 .timescale 0 0;
    .port_info 0 /INPUT 4 "x";
    .port_info 1 /INPUT 4 "y";
    .port_info 2 /INPUT 1 "s";
    .port_info 3 /OUTPUT 4 "m";
v0x5567a4451f40_0 .net "m", 3 0, L_0x5567a44531a0;  alias, 1 drivers
v0x5567a4452040_0 .net "s", 0 0, v0x5567a4452430_0;  1 drivers
v0x5567a4452100_0 .net "x", 3 0, v0x5567a44524d0_0;  1 drivers
v0x5567a44521c0_0 .net "y", 3 0, v0x5567a44525d0_0;  1 drivers
L_0x5567a44527d0 .part v0x5567a44524d0_0, 0, 1;
L_0x5567a44528c0 .part v0x5567a44525d0_0, 0, 1;
L_0x5567a4452aa0 .part v0x5567a44524d0_0, 1, 1;
L_0x5567a4452b90 .part v0x5567a44525d0_0, 1, 1;
L_0x5567a4452d50 .part v0x5567a44524d0_0, 2, 1;
L_0x5567a4452e40 .part v0x5567a44525d0_0, 2, 1;
L_0x5567a4452fc0 .part v0x5567a44524d0_0, 3, 1;
L_0x5567a4453060 .part v0x5567a44525d0_0, 3, 1;
L_0x5567a44531a0 .concat8 [ 1 1 1 1], L_0x5567a44526a0, L_0x5567a4452a00, L_0x5567a4452cb0, L_0x5567a4452f20;
S_0x5567a4427d40 .scope module, "u0" "MUX1" 2 33, 2 5 0, S_0x5567a4428dd0;
 .timescale 0 0;
    .port_info 0 /INPUT 1 "x";
    .port_info 1 /INPUT 1 "y";
    .port_info 2 /INPUT 1 "s";
    .port_info 3 /OUTPUT 1 "m";
v0x5567a442a220_0 .net "m", 0 0, L_0x5567a44526a0;  1 drivers
v0x5567a4429190_0 .net "s", 0 0, v0x5567a4452430_0;  alias, 1 drivers
v0x5567a4428100_0 .net "x", 0 0, L_0x5567a44527d0;  1 drivers
v0x5567a4427040_0 .net "y", 0 0, L_0x5567a44528c0;  1 drivers
L_0x5567a44526a0 .functor MUXZ 1, L_0x5567a44527d0, L_0x5567a44528c0, v0x5567a4452430_0, C4<>;
S_0x5567a4450e50 .scope module, "u1" "MUX1" 2 34, 2 5 0, S_0x5567a4428dd0;
 .timescale 0 0;
    .port_info 0 /INPUT 1 "x";
    .port_info 1 /INPUT 1 "y";
    .port_info 2 /INPUT 1 "s";
    .port_info 3 /OUTPUT 1 "m";
v0x5567a4451050_0 .net "m", 0 0, L_0x5567a4452a00;  1 drivers
v0x5567a4451110_0 .net "s", 0 0, v0x5567a4452430_0;  alias, 1 drivers
v0x5567a44511d0_0 .net "x", 0 0, L_0x5567a4452aa0;  1 drivers
v0x5567a44512a0_0 .net "y", 0 0, L_0x5567a4452b90;  1 drivers
L_0x5567a4452a00 .functor MUXZ 1, L_0x5567a4452aa0, L_0x5567a4452b90, v0x5567a4452430_0, C4<>;
S_0x5567a44513d0 .scope module, "u2" "MUX1" 2 35, 2 5 0, S_0x5567a4428dd0;
 .timescale 0 0;
    .port_info 0 /INPUT 1 "x";
    .port_info 1 /INPUT 1 "y";
    .port_info 2 /INPUT 1 "s";
    .port_info 3 /OUTPUT 1 "m";
v0x5567a44515e0_0 .net "m", 0 0, L_0x5567a4452cb0;  1 drivers
v0x5567a44516a0_0 .net "s", 0 0, v0x5567a4452430_0;  alias, 1 drivers
v0x5567a44517b0_0 .net "x", 0 0, L_0x5567a4452d50;  1 drivers
v0x5567a4451850_0 .net "y", 0 0, L_0x5567a4452e40;  1 drivers
L_0x5567a4452cb0 .functor MUXZ 1, L_0x5567a4452d50, L_0x5567a4452e40, v0x5567a4452430_0, C4<>;
S_0x5567a44519a0 .scope module, "u3" "MUX1" 2 36, 2 5 0, S_0x5567a4428dd0;
 .timescale 0 0;
    .port_info 0 /INPUT 1 "x";
    .port_info 1 /INPUT 1 "y";
    .port_info 2 /INPUT 1 "s";
    .port_info 3 /OUTPUT 1 "m";
v0x5567a4451b80_0 .net "m", 0 0, L_0x5567a4452f20;  1 drivers
v0x5567a4451c60_0 .net "s", 0 0, v0x5567a4452430_0;  alias, 1 drivers
v0x5567a4451d20_0 .net "x", 0 0, L_0x5567a4452fc0;  1 drivers
v0x5567a4451df0_0 .net "y", 0 0, L_0x5567a4453060;  1 drivers
L_0x5567a4452f20 .functor MUXZ 1, L_0x5567a4452fc0, L_0x5567a4453060, v0x5567a4452430_0, C4<>;
    .scope S_0x5567a4426c20;
T_0 ;
    %vpi_call 2 52 "$dumpfile", "2:1MUX.vcd" {0 0 0};
    %vpi_call 2 53 "$dumpvars" {0 0 0};
    %delay 100, 0;
    %vpi_call 2 54 "$finish" {0 0 0};
    %end;
    .thread T_0;
    .scope S_0x5567a4426c20;
T_1 ;
    %delay 10, 0;
    %pushi/vec4 1, 0, 4;
    %store/vec4 v0x5567a44524d0_0, 0, 4;
    %pushi/vec4 2, 0, 4;
    %store/vec4 v0x5567a44525d0_0, 0, 4;
    %pushi/vec4 0, 0, 1;
    %store/vec4 v0x5567a4452430_0, 0, 1;
    %delay 20, 0;
    %pushi/vec4 3, 0, 4;
    %store/vec4 v0x5567a44524d0_0, 0, 4;
    %pushi/vec4 4, 0, 4;
    %store/vec4 v0x5567a44525d0_0, 0, 4;
    %pushi/vec4 1, 0, 1;
    %store/vec4 v0x5567a4452430_0, 0, 1;
    %end;
    .thread T_1;
# The file index is used to find the file name in the following table.
:file_names 3;
    "N/A";
    "<interactive>";
    "2:1MUX.v";
