#! /usr/bin/vvp
:ivl_version "11.0 (stable)";
:ivl_delay_selection "TYPICAL";
:vpi_time_precision + 0;
:vpi_module "/usr/lib/x86_64-linux-gnu/ivl/system.vpi";
:vpi_module "/usr/lib/x86_64-linux-gnu/ivl/vhdl_sys.vpi";
:vpi_module "/usr/lib/x86_64-linux-gnu/ivl/vhdl_textio.vpi";
:vpi_module "/usr/lib/x86_64-linux-gnu/ivl/v2005_math.vpi";
:vpi_module "/usr/lib/x86_64-linux-gnu/ivl/va_math.vpi";
S_0x55a121125d90 .scope module, "mult16" "mult16" 2 1;
 .timescale 0 0;
    .port_info 0 /INPUT 16 "a";
    .port_info 1 /INPUT 16 "b";
    .port_info 2 /OUTPUT 32 "product";
    .port_info 3 /INPUT 1 "clk";
o0x7f1b37bca018 .functor BUFZ 16, C4<zzzzzzzzzzzzzzzz>; HiZ drive
v0x55a121127350_0 .net "a", 15 0, o0x7f1b37bca018;  0 drivers
v0x55a121127ba0_0 .var "a_", 15 0;
o0x7f1b37bca078 .functor BUFZ 16, C4<zzzzzzzzzzzzzzzz>; HiZ drive
v0x55a12116df90_0 .net "b", 15 0, o0x7f1b37bca078;  0 drivers
v0x55a12116e080_0 .var "b_", 15 0;
o0x7f1b37bca0d8 .functor BUFZ 1, C4<z>; HiZ drive
v0x55a12116e160_0 .net "clk", 0 0, o0x7f1b37bca0d8;  0 drivers
v0x55a12116e270_0 .var "product", 31 0;
E_0x55a12115f070 .event posedge, v0x55a12116e160_0;
    .scope S_0x55a121125d90;
T_0 ;
    %wait E_0x55a12115f070;
    %load/vec4 v0x55a12116df90_0;
    %load/vec4 v0x55a121127350_0;
    %concat/vec4; draw_concat_vec4
    %split/vec4 16;
    %assign/vec4 v0x55a121127ba0_0, 0;
    %assign/vec4 v0x55a12116e080_0, 0;
    %jmp T_0;
    .thread T_0;
    .scope S_0x55a121125d90;
T_1 ;
    %wait E_0x55a12115f070;
    %load/vec4 v0x55a12116e080_0;
    %pad/u 32;
    %load/vec4 v0x55a121127ba0_0;
    %pad/u 32;
    %mul;
    %assign/vec4 v0x55a12116e270_0, 0;
    %jmp T_1;
    .thread T_1;
# The file index is used to find the file name in the following table.
:file_names 3;
    "N/A";
    "<interactive>";
    "mult16.v";
