#! /usr/bin/vvp
:ivl_version "11.0 (stable)";
:ivl_delay_selection "TYPICAL";
:vpi_time_precision + 0;
:vpi_module "/usr/lib/x86_64-linux-gnu/ivl/system.vpi";
:vpi_module "/usr/lib/x86_64-linux-gnu/ivl/vhdl_sys.vpi";
:vpi_module "/usr/lib/x86_64-linux-gnu/ivl/vhdl_textio.vpi";
:vpi_module "/usr/lib/x86_64-linux-gnu/ivl/v2005_math.vpi";
:vpi_module "/usr/lib/x86_64-linux-gnu/ivl/va_math.vpi";
S_0x56203f9a9b10 .scope module, "tb" "tb" 2 41;
 .timescale 0 0;
v0x56203f9d3940_0 .var "clk", 0 0;
v0x56203f9d3a00_0 .var "en", 0 0;
v0x56203f9d3ac0_0 .var "nclear", 0 0;
v0x56203f9d3b90_0 .net "q", 3 0, L_0x56203f9d3c60;  1 drivers
S_0x56203f9b8c50 .scope module, "u0" "counter4" 2 49, 2 1 0, S_0x56203f9a9b10;
 .timescale 0 0;
    .port_info 0 /INPUT 1 "clk";
    .port_info 1 /INPUT 1 "en";
    .port_info 2 /INPUT 1 "nclear";
    .port_info 3 /OUTPUT 4 "q";
L_0x56203f9d3dc0 .functor BUFZ 1, v0x56203f9d3a00_0, C4<0>, C4<0>, C4<0>;
L_0x56203f9d3f20 .functor AND 1, L_0x56203f9d3dc0, L_0x56203f9d3e80, C4<1>, C4<1>;
L_0x56203f9d4160 .functor AND 1, L_0x56203f9d3f20, L_0x56203f9d4030, C4<1>, C4<1>;
L_0x56203f9d42f0 .functor AND 1, L_0x56203f9d4160, L_0x56203f9d4220, C4<1>, C4<1>;
v0x56203f9d2ff0_0 .net *"_ivl_12", 0 0, L_0x56203f9d3e80;  1 drivers
v0x56203f9d30f0_0 .net *"_ivl_16", 0 0, L_0x56203f9d4030;  1 drivers
v0x56203f9d31d0_0 .net *"_ivl_20", 0 0, L_0x56203f9d4220;  1 drivers
v0x56203f9d3290_0 .net "clk", 0 0, v0x56203f9d3940_0;  1 drivers
v0x56203f9d3330_0 .net "en", 0 0, v0x56203f9d3a00_0;  1 drivers
v0x56203f9d33f0_0 .net "en0", 0 0, L_0x56203f9d3dc0;  1 drivers
v0x56203f9d3490_0 .net "en1", 0 0, L_0x56203f9d3f20;  1 drivers
v0x56203f9d3560_0 .net "en2", 0 0, L_0x56203f9d4160;  1 drivers
v0x56203f9d3630_0 .net "en3", 0 0, L_0x56203f9d42f0;  1 drivers
v0x56203f9d3700_0 .net "nclear", 0 0, v0x56203f9d3ac0_0;  1 drivers
v0x56203f9d3830_0 .net "q", 3 0, L_0x56203f9d3c60;  alias, 1 drivers
L_0x56203f9d3c60 .concat8 [ 1 1 1 1], v0x56203f9d1d10_0, v0x56203f9d2290_0, v0x56203f9d28e0_0, v0x56203f9d2ea0_0;
L_0x56203f9d3e80 .part L_0x56203f9d3c60, 0, 1;
L_0x56203f9d4030 .part L_0x56203f9d3c60, 1, 1;
L_0x56203f9d4220 .part L_0x56203f9d3c60, 2, 1;
S_0x56203f9b8e30 .scope module, "u0" "t_ff" 2 12, 2 27 0, S_0x56203f9b8c50;
 .timescale 0 0;
    .port_info 0 /INPUT 1 "clk";
    .port_info 1 /INPUT 1 "en";
    .port_info 2 /INPUT 1 "nclear";
    .port_info 3 /OUTPUT 1 "q";
v0x56203f9a6b30_0 .net "clk", 0 0, v0x56203f9d3940_0;  alias, 1 drivers
v0x56203f9a60e0_0 .net "en", 0 0, L_0x56203f9d3dc0;  alias, 1 drivers
v0x56203f9a5690_0 .net "nclear", 0 0, v0x56203f9d3ac0_0;  alias, 1 drivers
v0x56203f9d1d10_0 .var "q", 0 0;
E_0x56203f9b5230 .event posedge, v0x56203f9a6b30_0;
S_0x56203f9d1e50 .scope module, "u1" "t_ff" 2 13, 2 27 0, S_0x56203f9b8c50;
 .timescale 0 0;
    .port_info 0 /INPUT 1 "clk";
    .port_info 1 /INPUT 1 "en";
    .port_info 2 /INPUT 1 "nclear";
    .port_info 3 /OUTPUT 1 "q";
v0x56203f9d2050_0 .net "clk", 0 0, v0x56203f9d3940_0;  alias, 1 drivers
v0x56203f9d20f0_0 .net "en", 0 0, L_0x56203f9d3f20;  alias, 1 drivers
v0x56203f9d2190_0 .net "nclear", 0 0, v0x56203f9d3ac0_0;  alias, 1 drivers
v0x56203f9d2290_0 .var "q", 0 0;
S_0x56203f9d23c0 .scope module, "u2" "t_ff" 2 14, 2 27 0, S_0x56203f9b8c50;
 .timescale 0 0;
    .port_info 0 /INPUT 1 "clk";
    .port_info 1 /INPUT 1 "en";
    .port_info 2 /INPUT 1 "nclear";
    .port_info 3 /OUTPUT 1 "q";
v0x56203f9d2640_0 .net "clk", 0 0, v0x56203f9d3940_0;  alias, 1 drivers
v0x56203f9d2730_0 .net "en", 0 0, L_0x56203f9d4160;  alias, 1 drivers
v0x56203f9d27f0_0 .net "nclear", 0 0, v0x56203f9d3ac0_0;  alias, 1 drivers
v0x56203f9d28e0_0 .var "q", 0 0;
S_0x56203f9d2a00 .scope module, "u3" "t_ff" 2 15, 2 27 0, S_0x56203f9b8c50;
 .timescale 0 0;
    .port_info 0 /INPUT 1 "clk";
    .port_info 1 /INPUT 1 "en";
    .port_info 2 /INPUT 1 "nclear";
    .port_info 3 /OUTPUT 1 "q";
v0x56203f9d2c50_0 .net "clk", 0 0, v0x56203f9d3940_0;  alias, 1 drivers
v0x56203f9d2d10_0 .net "en", 0 0, L_0x56203f9d42f0;  alias, 1 drivers
v0x56203f9d2dd0_0 .net "nclear", 0 0, v0x56203f9d3ac0_0;  alias, 1 drivers
v0x56203f9d2ea0_0 .var "q", 0 0;
    .scope S_0x56203f9b8e30;
T_0 ;
    %wait E_0x56203f9b5230;
    %load/vec4 v0x56203f9a5690_0;
    %inv;
    %flag_set/vec4 8;
    %jmp/0xz  T_0.0, 8;
    %pushi/vec4 0, 0, 1;
    %assign/vec4 v0x56203f9d1d10_0, 0;
    %jmp T_0.1;
T_0.0 ;
    %load/vec4 v0x56203f9a60e0_0;
    %flag_set/vec4 8;
    %jmp/0xz  T_0.2, 8;
    %load/vec4 v0x56203f9d1d10_0;
    %inv;
    %assign/vec4 v0x56203f9d1d10_0, 0;
T_0.2 ;
T_0.1 ;
    %jmp T_0;
    .thread T_0;
    .scope S_0x56203f9d1e50;
T_1 ;
    %wait E_0x56203f9b5230;
    %load/vec4 v0x56203f9d2190_0;
    %inv;
    %flag_set/vec4 8;
    %jmp/0xz  T_1.0, 8;
    %pushi/vec4 0, 0, 1;
    %assign/vec4 v0x56203f9d2290_0, 0;
    %jmp T_1.1;
T_1.0 ;
    %load/vec4 v0x56203f9d20f0_0;
    %flag_set/vec4 8;
    %jmp/0xz  T_1.2, 8;
    %load/vec4 v0x56203f9d2290_0;
    %inv;
    %assign/vec4 v0x56203f9d2290_0, 0;
T_1.2 ;
T_1.1 ;
    %jmp T_1;
    .thread T_1;
    .scope S_0x56203f9d23c0;
T_2 ;
    %wait E_0x56203f9b5230;
    %load/vec4 v0x56203f9d27f0_0;
    %inv;
    %flag_set/vec4 8;
    %jmp/0xz  T_2.0, 8;
    %pushi/vec4 0, 0, 1;
    %assign/vec4 v0x56203f9d28e0_0, 0;
    %jmp T_2.1;
T_2.0 ;
    %load/vec4 v0x56203f9d2730_0;
    %flag_set/vec4 8;
    %jmp/0xz  T_2.2, 8;
    %load/vec4 v0x56203f9d28e0_0;
    %inv;
    %assign/vec4 v0x56203f9d28e0_0, 0;
T_2.2 ;
T_2.1 ;
    %jmp T_2;
    .thread T_2;
    .scope S_0x56203f9d2a00;
T_3 ;
    %wait E_0x56203f9b5230;
    %load/vec4 v0x56203f9d2dd0_0;
    %inv;
    %flag_set/vec4 8;
    %jmp/0xz  T_3.0, 8;
    %pushi/vec4 0, 0, 1;
    %assign/vec4 v0x56203f9d2ea0_0, 0;
    %jmp T_3.1;
T_3.0 ;
    %load/vec4 v0x56203f9d2d10_0;
    %flag_set/vec4 8;
    %jmp/0xz  T_3.2, 8;
    %load/vec4 v0x56203f9d2ea0_0;
    %inv;
    %assign/vec4 v0x56203f9d2ea0_0, 0;
T_3.2 ;
T_3.1 ;
    %jmp T_3;
    .thread T_3;
    .scope S_0x56203f9a9b10;
T_4 ;
    %pushi/vec4 0, 0, 1;
    %store/vec4 v0x56203f9d3940_0, 0, 1;
T_4.0 ;
    %delay 10, 0;
    %load/vec4 v0x56203f9d3940_0;
    %inv;
    %store/vec4 v0x56203f9d3940_0, 0, 1;
    %jmp T_4.0;
    %end;
    .thread T_4;
    .scope S_0x56203f9a9b10;
T_5 ;
    %pushi/vec4 1, 0, 1;
    %store/vec4 v0x56203f9d3ac0_0, 0, 1;
    %delay 12, 0;
    %pushi/vec4 0, 0, 1;
    %store/vec4 v0x56203f9d3ac0_0, 0, 1;
    %delay 20, 0;
    %pushi/vec4 1, 0, 1;
    %store/vec4 v0x56203f9d3ac0_0, 0, 1;
    %end;
    .thread T_5;
    .scope S_0x56203f9a9b10;
T_6 ;
    %pushi/vec4 0, 0, 1;
    %store/vec4 v0x56203f9d3a00_0, 0, 1;
    %delay 40, 0;
    %pushi/vec4 1, 0, 1;
    %store/vec4 v0x56203f9d3a00_0, 0, 1;
    %end;
    .thread T_6;
    .scope S_0x56203f9a9b10;
T_7 ;
    %vpi_call 2 72 "$monitor", "%d", v0x56203f9d3b90_0 {0 0 0};
    %end;
    .thread T_7;
    .scope S_0x56203f9a9b10;
T_8 ;
    %vpi_call 2 77 "$dumpfile", "counter4.vcd" {0 0 0};
    %vpi_call 2 78 "$dumpvars" {0 0 0};
    %delay 200, 0;
    %vpi_call 2 80 "$finish" {0 0 0};
    %end;
    .thread T_8;
# The file index is used to find the file name in the following table.
:file_names 3;
    "N/A";
    "<interactive>";
    "Counter.v";
