#! /usr/bin/vvp
:ivl_version "11.0 (stable)";
:ivl_delay_selection "TYPICAL";
:vpi_time_precision + 0;
:vpi_module "/usr/lib/x86_64-linux-gnu/ivl/system.vpi";
:vpi_module "/usr/lib/x86_64-linux-gnu/ivl/vhdl_sys.vpi";
:vpi_module "/usr/lib/x86_64-linux-gnu/ivl/vhdl_textio.vpi";
:vpi_module "/usr/lib/x86_64-linux-gnu/ivl/v2005_math.vpi";
:vpi_module "/usr/lib/x86_64-linux-gnu/ivl/va_math.vpi";
S_0x55a903065050 .scope module, "TB" "TB" 2 45;
 .timescale 0 0;
v0x55a9030820e0_0 .var "A", 0 0;
v0x55a9030821a0_0 .var "B", 0 0;
v0x55a9030822b0_0 .net "C", 0 0, L_0x55a9030829e0;  1 drivers
v0x55a903082350_0 .var "Cin", 0 0;
v0x55a903082440_0 .net "S", 0 0, L_0x55a903082930;  1 drivers
S_0x55a9030651e0 .scope module, "u0" "fa" 2 50, 2 15 0, S_0x55a903065050;
 .timescale 0 0;
    .port_info 0 /INPUT 1 "A";
    .port_info 1 /INPUT 1 "B";
    .port_info 2 /INPUT 1 "Cin";
    .port_info 3 /OUTPUT 1 "S";
    .port_info 4 /OUTPUT 1 "C";
L_0x55a903082930 .functor BUFZ 1, L_0x55a903082810, C4<0>, C4<0>, C4<0>;
L_0x55a9030829e0 .functor OR 1, L_0x55a903082530, L_0x55a9030826f0, C4<0>, C4<0>;
v0x55a903081990_0 .net "A", 0 0, v0x55a9030820e0_0;  1 drivers
v0x55a903081a50_0 .net "B", 0 0, v0x55a9030821a0_0;  1 drivers
v0x55a903081b20_0 .net "C", 0 0, L_0x55a9030829e0;  alias, 1 drivers
v0x55a903081bf0_0 .net "C1", 0 0, L_0x55a903082530;  1 drivers
v0x55a903081cc0_0 .net "C2", 0 0, L_0x55a9030826f0;  1 drivers
v0x55a903081db0_0 .net "Cin", 0 0, v0x55a903082350_0;  1 drivers
v0x55a903081e80_0 .net "S", 0 0, L_0x55a903082930;  alias, 1 drivers
v0x55a903081f20_0 .net "S1", 0 0, L_0x55a9030825f0;  1 drivers
v0x55a903082010_0 .net "S2", 0 0, L_0x55a903082810;  1 drivers
S_0x55a903067600 .scope module, "ha1" "ha" 2 26, 2 2 0, S_0x55a9030651e0;
 .timescale 0 0;
    .port_info 0 /INPUT 1 "A";
    .port_info 1 /INPUT 1 "B";
    .port_info 2 /OUTPUT 1 "S";
    .port_info 3 /OUTPUT 1 "C";
L_0x55a903082530 .functor AND 1, v0x55a9030820e0_0, v0x55a9030821a0_0, C4<1>, C4<1>;
L_0x55a9030825f0 .functor XOR 1, v0x55a9030820e0_0, v0x55a9030821a0_0, C4<0>, C4<0>;
v0x55a903067850_0 .net "A", 0 0, v0x55a9030820e0_0;  alias, 1 drivers
v0x55a903081100_0 .net "B", 0 0, v0x55a9030821a0_0;  alias, 1 drivers
v0x55a9030811c0_0 .net "C", 0 0, L_0x55a903082530;  alias, 1 drivers
v0x55a903081260_0 .net "S", 0 0, L_0x55a9030825f0;  alias, 1 drivers
S_0x55a9030813a0 .scope module, "ha2" "ha" 2 31, 2 2 0, S_0x55a9030651e0;
 .timescale 0 0;
    .port_info 0 /INPUT 1 "A";
    .port_info 1 /INPUT 1 "B";
    .port_info 2 /OUTPUT 1 "S";
    .port_info 3 /OUTPUT 1 "C";
L_0x55a9030826f0 .functor AND 1, v0x55a903082350_0, L_0x55a9030825f0, C4<1>, C4<1>;
L_0x55a903082810 .functor XOR 1, v0x55a903082350_0, L_0x55a9030825f0, C4<0>, C4<0>;
v0x55a903081610_0 .net "A", 0 0, v0x55a903082350_0;  alias, 1 drivers
v0x55a9030816d0_0 .net "B", 0 0, L_0x55a9030825f0;  alias, 1 drivers
v0x55a903081790_0 .net "C", 0 0, L_0x55a9030826f0;  alias, 1 drivers
v0x55a903081860_0 .net "S", 0 0, L_0x55a903082810;  alias, 1 drivers
    .scope S_0x55a903065050;
T_0 ;
    %delay 0, 0;
    %vpi_call 2 59 "$monitor", "A\011|\011B\011|\011Cin\011|\011S\011|\011C" {0 0 0};
    %vpi_call 2 60 "$finish" {0 0 0};
    %end;
    .thread T_0;
    .scope S_0x55a903065050;
T_1 ;
    %pushi/vec4 0, 0, 1;
    %store/vec4 v0x55a9030820e0_0, 0, 1;
    %pushi/vec4 0, 0, 1;
    %store/vec4 v0x55a9030821a0_0, 0, 1;
    %pushi/vec4 0, 0, 1;
    %store/vec4 v0x55a903082350_0, 0, 1;
    %delay 10, 0;
    %pushi/vec4 0, 0, 1;
    %store/vec4 v0x55a9030820e0_0, 0, 1;
    %pushi/vec4 0, 0, 1;
    %store/vec4 v0x55a9030821a0_0, 0, 1;
    %pushi/vec4 1, 0, 1;
    %store/vec4 v0x55a903082350_0, 0, 1;
    %delay 10, 0;
    %pushi/vec4 0, 0, 1;
    %store/vec4 v0x55a9030820e0_0, 0, 1;
    %pushi/vec4 1, 0, 1;
    %store/vec4 v0x55a9030821a0_0, 0, 1;
    %pushi/vec4 0, 0, 1;
    %store/vec4 v0x55a903082350_0, 0, 1;
    %delay 10, 0;
    %pushi/vec4 0, 0, 1;
    %store/vec4 v0x55a9030820e0_0, 0, 1;
    %pushi/vec4 1, 0, 1;
    %store/vec4 v0x55a9030821a0_0, 0, 1;
    %pushi/vec4 1, 0, 1;
    %store/vec4 v0x55a903082350_0, 0, 1;
    %delay 10, 0;
    %pushi/vec4 1, 0, 1;
    %store/vec4 v0x55a9030820e0_0, 0, 1;
    %pushi/vec4 0, 0, 1;
    %store/vec4 v0x55a9030821a0_0, 0, 1;
    %pushi/vec4 0, 0, 1;
    %store/vec4 v0x55a903082350_0, 0, 1;
    %delay 10, 0;
    %pushi/vec4 1, 0, 1;
    %store/vec4 v0x55a9030820e0_0, 0, 1;
    %pushi/vec4 0, 0, 1;
    %store/vec4 v0x55a9030821a0_0, 0, 1;
    %pushi/vec4 1, 0, 1;
    %store/vec4 v0x55a903082350_0, 0, 1;
    %delay 10, 0;
    %pushi/vec4 1, 0, 1;
    %store/vec4 v0x55a9030820e0_0, 0, 1;
    %pushi/vec4 1, 0, 1;
    %store/vec4 v0x55a9030821a0_0, 0, 1;
    %pushi/vec4 0, 0, 1;
    %store/vec4 v0x55a903082350_0, 0, 1;
    %delay 10, 0;
    %pushi/vec4 1, 0, 1;
    %store/vec4 v0x55a9030820e0_0, 0, 1;
    %pushi/vec4 1, 0, 1;
    %store/vec4 v0x55a9030821a0_0, 0, 1;
    %pushi/vec4 1, 0, 1;
    %store/vec4 v0x55a903082350_0, 0, 1;
    %delay 10, 0;
    %end;
    .thread T_1;
    .scope S_0x55a903065050;
T_2 ;
    %vpi_call 2 77 "$monitor", "%b\011|\011%b\011|\011%b\011|\011%b\011|\011%b", v0x55a9030820e0_0, v0x55a9030821a0_0, v0x55a903082350_0, v0x55a903082440_0, v0x55a9030822b0_0 {0 0 0};
    %end;
    .thread T_2;
    .scope S_0x55a903065050;
T_3 ;
    %vpi_call 2 83 "$dumpfile", "FA.vcd" {0 0 0};
    %vpi_call 2 84 "$dumpvars" {0 0 0};
    %delay 100, 0;
    %vpi_call 2 86 "$finish" {0 0 0};
    %end;
    .thread T_3;
# The file index is used to find the file name in the following table.
:file_names 3;
    "N/A";
    "<interactive>";
    "wallace.v";
