#! /usr/bin/vvp
:ivl_version "11.0 (stable)";
:ivl_delay_selection "TYPICAL";
:vpi_time_precision + 0;
:vpi_module "/usr/lib/x86_64-linux-gnu/ivl/system.vpi";
:vpi_module "/usr/lib/x86_64-linux-gnu/ivl/vhdl_sys.vpi";
:vpi_module "/usr/lib/x86_64-linux-gnu/ivl/vhdl_textio.vpi";
:vpi_module "/usr/lib/x86_64-linux-gnu/ivl/v2005_math.vpi";
:vpi_module "/usr/lib/x86_64-linux-gnu/ivl/va_math.vpi";
S_0x561f7fd810f0 .scope module, "tb" "tb" 2 35;
 .timescale 0 0;
v0x561f7fd938e0_0 .net "d0", 3 0, v0x561f7fd447b0_0;  1 drivers
v0x561f7fd939d0_0 .net "d1", 0 0, v0x561f7fd44ba0_0;  1 drivers
v0x561f7fd93aa0_0 .var "i", 3 0;
S_0x561f7fd81280 .scope module, "u0" "bin2bcd" 2 41, 2 1 0, S_0x561f7fd810f0;
 .timescale 0 0;
    .port_info 0 /INPUT 4 "i";
    .port_info 1 /OUTPUT 1 "d1";
    .port_info 2 /OUTPUT 4 "d0";
v0x561f7fd447b0_0 .var "d0", 3 0;
v0x561f7fd44ba0_0 .var "d1", 0 0;
v0x561f7fd937a0_0 .net "i", 3 0, v0x561f7fd93aa0_0;  1 drivers
E_0x561f7fd7bc70 .event edge, v0x561f7fd937a0_0;
    .scope S_0x561f7fd81280;
T_0 ;
    %wait E_0x561f7fd7bc70;
    %load/vec4 v0x561f7fd937a0_0;
    %dup/vec4;
    %pushi/vec4 0, 0, 4;
    %cmp/u;
    %jmp/1 T_0.0, 6;
    %dup/vec4;
    %pushi/vec4 1, 0, 4;
    %cmp/u;
    %jmp/1 T_0.1, 6;
    %dup/vec4;
    %pushi/vec4 2, 0, 4;
    %cmp/u;
    %jmp/1 T_0.2, 6;
    %dup/vec4;
    %pushi/vec4 3, 0, 4;
    %cmp/u;
    %jmp/1 T_0.3, 6;
    %dup/vec4;
    %pushi/vec4 4, 0, 4;
    %cmp/u;
    %jmp/1 T_0.4, 6;
    %dup/vec4;
    %pushi/vec4 5, 0, 4;
    %cmp/u;
    %jmp/1 T_0.5, 6;
    %dup/vec4;
    %pushi/vec4 6, 0, 4;
    %cmp/u;
    %jmp/1 T_0.6, 6;
    %dup/vec4;
    %pushi/vec4 7, 0, 4;
    %cmp/u;
    %jmp/1 T_0.7, 6;
    %dup/vec4;
    %pushi/vec4 8, 0, 4;
    %cmp/u;
    %jmp/1 T_0.8, 6;
    %dup/vec4;
    %pushi/vec4 9, 0, 4;
    %cmp/u;
    %jmp/1 T_0.9, 6;
    %dup/vec4;
    %pushi/vec4 10, 0, 4;
    %cmp/u;
    %jmp/1 T_0.10, 6;
    %dup/vec4;
    %pushi/vec4 11, 0, 4;
    %cmp/u;
    %jmp/1 T_0.11, 6;
    %dup/vec4;
    %pushi/vec4 12, 0, 4;
    %cmp/u;
    %jmp/1 T_0.12, 6;
    %dup/vec4;
    %pushi/vec4 13, 0, 4;
    %cmp/u;
    %jmp/1 T_0.13, 6;
    %dup/vec4;
    %pushi/vec4 14, 0, 4;
    %cmp/u;
    %jmp/1 T_0.14, 6;
    %dup/vec4;
    %pushi/vec4 15, 0, 4;
    %cmp/u;
    %jmp/1 T_0.15, 6;
    %jmp T_0.16;
T_0.0 ;
    %pushi/vec4 0, 0, 5;
    %split/vec4 4;
    %store/vec4 v0x561f7fd447b0_0, 0, 4;
    %store/vec4 v0x561f7fd44ba0_0, 0, 1;
    %jmp T_0.16;
T_0.1 ;
    %pushi/vec4 1, 0, 5;
    %split/vec4 4;
    %store/vec4 v0x561f7fd447b0_0, 0, 4;
    %store/vec4 v0x561f7fd44ba0_0, 0, 1;
    %jmp T_0.16;
T_0.2 ;
    %pushi/vec4 2, 0, 5;
    %split/vec4 4;
    %store/vec4 v0x561f7fd447b0_0, 0, 4;
    %store/vec4 v0x561f7fd44ba0_0, 0, 1;
    %jmp T_0.16;
T_0.3 ;
    %pushi/vec4 3, 0, 5;
    %split/vec4 4;
    %store/vec4 v0x561f7fd447b0_0, 0, 4;
    %store/vec4 v0x561f7fd44ba0_0, 0, 1;
    %jmp T_0.16;
T_0.4 ;
    %pushi/vec4 4, 0, 5;
    %split/vec4 4;
    %store/vec4 v0x561f7fd447b0_0, 0, 4;
    %store/vec4 v0x561f7fd44ba0_0, 0, 1;
    %jmp T_0.16;
T_0.5 ;
    %pushi/vec4 5, 0, 5;
    %split/vec4 4;
    %store/vec4 v0x561f7fd447b0_0, 0, 4;
    %store/vec4 v0x561f7fd44ba0_0, 0, 1;
    %jmp T_0.16;
T_0.6 ;
    %pushi/vec4 6, 0, 5;
    %split/vec4 4;
    %store/vec4 v0x561f7fd447b0_0, 0, 4;
    %store/vec4 v0x561f7fd44ba0_0, 0, 1;
    %jmp T_0.16;
T_0.7 ;
    %pushi/vec4 7, 0, 5;
    %split/vec4 4;
    %store/vec4 v0x561f7fd447b0_0, 0, 4;
    %store/vec4 v0x561f7fd44ba0_0, 0, 1;
    %jmp T_0.16;
T_0.8 ;
    %pushi/vec4 8, 0, 5;
    %split/vec4 4;
    %store/vec4 v0x561f7fd447b0_0, 0, 4;
    %store/vec4 v0x561f7fd44ba0_0, 0, 1;
    %jmp T_0.16;
T_0.9 ;
    %pushi/vec4 9, 0, 5;
    %split/vec4 4;
    %store/vec4 v0x561f7fd447b0_0, 0, 4;
    %store/vec4 v0x561f7fd44ba0_0, 0, 1;
    %jmp T_0.16;
T_0.10 ;
    %pushi/vec4 16, 0, 5;
    %split/vec4 4;
    %store/vec4 v0x561f7fd447b0_0, 0, 4;
    %store/vec4 v0x561f7fd44ba0_0, 0, 1;
    %jmp T_0.16;
T_0.11 ;
    %pushi/vec4 17, 0, 5;
    %split/vec4 4;
    %store/vec4 v0x561f7fd447b0_0, 0, 4;
    %store/vec4 v0x561f7fd44ba0_0, 0, 1;
    %jmp T_0.16;
T_0.12 ;
    %pushi/vec4 18, 0, 5;
    %split/vec4 4;
    %store/vec4 v0x561f7fd447b0_0, 0, 4;
    %store/vec4 v0x561f7fd44ba0_0, 0, 1;
    %jmp T_0.16;
T_0.13 ;
    %pushi/vec4 19, 0, 5;
    %split/vec4 4;
    %store/vec4 v0x561f7fd447b0_0, 0, 4;
    %store/vec4 v0x561f7fd44ba0_0, 0, 1;
    %jmp T_0.16;
T_0.14 ;
    %pushi/vec4 20, 0, 5;
    %split/vec4 4;
    %store/vec4 v0x561f7fd447b0_0, 0, 4;
    %store/vec4 v0x561f7fd44ba0_0, 0, 1;
    %jmp T_0.16;
T_0.15 ;
    %pushi/vec4 21, 0, 5;
    %split/vec4 4;
    %store/vec4 v0x561f7fd447b0_0, 0, 4;
    %store/vec4 v0x561f7fd44ba0_0, 0, 1;
    %jmp T_0.16;
T_0.16 ;
    %pop/vec4 1;
    %jmp T_0;
    .thread T_0, $push;
    .scope S_0x561f7fd810f0;
T_1 ;
    %pushi/vec4 9, 0, 4;
    %store/vec4 v0x561f7fd93aa0_0, 0, 4;
    %delay 10, 0;
    %pushi/vec4 10, 0, 4;
    %store/vec4 v0x561f7fd93aa0_0, 0, 4;
    %delay 10, 0;
    %pushi/vec4 7, 0, 4;
    %store/vec4 v0x561f7fd93aa0_0, 0, 4;
    %end;
    .thread T_1;
    .scope S_0x561f7fd810f0;
T_2 ;
    %vpi_call 2 55 "$dumpfile", "bin2bcd.vcd" {0 0 0};
    %vpi_call 2 56 "$dumpvars" {0 0 0};
    %delay 100, 0;
    %vpi_call 2 58 "$finish" {0 0 0};
    %end;
    .thread T_2;
# The file index is used to find the file name in the following table.
:file_names 3;
    "N/A";
    "<interactive>";
    "Decoder.v";
