#! /usr/bin/vvp
:ivl_version "11.0 (stable)";
:ivl_delay_selection "TYPICAL";
:vpi_time_precision + 0;
:vpi_module "/usr/lib/x86_64-linux-gnu/ivl/system.vpi";
:vpi_module "/usr/lib/x86_64-linux-gnu/ivl/vhdl_sys.vpi";
:vpi_module "/usr/lib/x86_64-linux-gnu/ivl/vhdl_textio.vpi";
:vpi_module "/usr/lib/x86_64-linux-gnu/ivl/v2005_math.vpi";
:vpi_module "/usr/lib/x86_64-linux-gnu/ivl/va_math.vpi";
S_0x55b3b6e98e50 .scope module, "tb" "tb" 2 31;
 .timescale 0 0;
v0x55b3b6ec1ef0_0 .var "Cin", 0 0;
v0x55b3b6ec1fd0_0 .net "S0", 3 0, L_0x55b3b6ec3080;  1 drivers
v0x55b3b6ec2070_0 .net "S1", 3 0, L_0x55b3b6ec2b60;  1 drivers
v0x55b3b6ec2160_0 .var "X", 3 0;
v0x55b3b6ec2220_0 .var "Y", 3 0;
S_0x55b3b6ea7230 .scope module, "u0" "bcdadder" 2 40, 2 1 0, S_0x55b3b6e98e50;
 .timescale 0 0;
    .port_info 0 /INPUT 4 "X";
    .port_info 1 /INPUT 4 "Y";
    .port_info 2 /INPUT 1 "Cin";
    .port_info 3 /OUTPUT 4 "S1";
    .port_info 4 /OUTPUT 4 "S0";
v0x55b3b6ec1390_0 .net "Cin", 0 0, v0x55b3b6ec1ef0_0;  1 drivers
v0x55b3b6ec1450_0 .net "S0", 3 0, L_0x55b3b6ec3080;  alias, 1 drivers
v0x55b3b6ec1510_0 .net "S1", 3 0, L_0x55b3b6ec2b60;  alias, 1 drivers
v0x55b3b6ec15e0_0 .net "X", 3 0, v0x55b3b6ec2160_0;  1 drivers
v0x55b3b6ec1680_0 .net "Y", 3 0, v0x55b3b6ec2220_0;  1 drivers
v0x55b3b6ec1760_0 .net *"_ivl_0", 4 0, L_0x55b3b6ec2310;  1 drivers
v0x55b3b6ec1840_0 .net *"_ivl_10", 4 0, L_0x55b3b6ec2720;  1 drivers
L_0x7fbf3e72c0a8 .functor BUFT 1, C4<0000>, C4<0>, C4<0>, C4<0>;
v0x55b3b6ec1920_0 .net *"_ivl_13", 3 0, L_0x7fbf3e72c0a8;  1 drivers
L_0x7fbf3e72c018 .functor BUFT 1, C4<0>, C4<0>, C4<0>, C4<0>;
v0x55b3b6ec1a00_0 .net *"_ivl_3", 0 0, L_0x7fbf3e72c018;  1 drivers
v0x55b3b6ec1ae0_0 .net *"_ivl_4", 4 0, L_0x55b3b6ec2480;  1 drivers
L_0x7fbf3e72c060 .functor BUFT 1, C4<0>, C4<0>, C4<0>, C4<0>;
v0x55b3b6ec1bc0_0 .net *"_ivl_7", 0 0, L_0x7fbf3e72c060;  1 drivers
v0x55b3b6ec1ca0_0 .net *"_ivl_8", 4 0, L_0x55b3b6ec25e0;  1 drivers
v0x55b3b6ec1d80_0 .net "sum", 4 0, L_0x55b3b6ec2890;  1 drivers
L_0x55b3b6ec2310 .concat [ 4 1 0 0], v0x55b3b6ec2160_0, L_0x7fbf3e72c018;
L_0x55b3b6ec2480 .concat [ 4 1 0 0], v0x55b3b6ec2220_0, L_0x7fbf3e72c060;
L_0x55b3b6ec25e0 .arith/sum 5, L_0x55b3b6ec2310, L_0x55b3b6ec2480;
L_0x55b3b6ec2720 .concat [ 1 4 0 0], v0x55b3b6ec1ef0_0, L_0x7fbf3e72c0a8;
L_0x55b3b6ec2890 .arith/sum 5, L_0x55b3b6ec25e0, L_0x55b3b6ec2720;
S_0x55b3b6ea7410 .scope module, "u0" "bin2bcd" 2 14, 2 20 0, S_0x55b3b6ea7230;
 .timescale 0 0;
    .port_info 0 /INPUT 5 "i";
    .port_info 1 /OUTPUT 4 "S1";
    .port_info 2 /OUTPUT 4 "S0";
v0x55b3b6ea8ba0_0 .net "S0", 3 0, L_0x55b3b6ec3080;  alias, 1 drivers
v0x55b3b6ec0980_0 .net "S1", 3 0, L_0x55b3b6ec2b60;  alias, 1 drivers
L_0x7fbf3e72c0f0 .functor BUFT 1, C4<01010>, C4<0>, C4<0>, C4<0>;
v0x55b3b6ec0a60_0 .net/2u *"_ivl_0", 4 0, L_0x7fbf3e72c0f0;  1 drivers
L_0x7fbf3e72c1c8 .functor BUFT 1, C4<01010>, C4<0>, C4<0>, C4<0>;
v0x55b3b6ec0b20_0 .net/2u *"_ivl_10", 4 0, L_0x7fbf3e72c1c8;  1 drivers
v0x55b3b6ec0c00_0 .net *"_ivl_12", 0 0, L_0x55b3b6ec2cf0;  1 drivers
L_0x7fbf3e72c210 .functor BUFT 1, C4<01010>, C4<0>, C4<0>, C4<0>;
v0x55b3b6ec0d10_0 .net/2u *"_ivl_14", 4 0, L_0x7fbf3e72c210;  1 drivers
v0x55b3b6ec0df0_0 .net *"_ivl_16", 4 0, L_0x55b3b6ec2e20;  1 drivers
v0x55b3b6ec0ed0_0 .net *"_ivl_18", 4 0, L_0x55b3b6ec2f40;  1 drivers
v0x55b3b6ec0fb0_0 .net *"_ivl_2", 0 0, L_0x55b3b6ec2a20;  1 drivers
L_0x7fbf3e72c138 .functor BUFT 1, C4<0001>, C4<0>, C4<0>, C4<0>;
v0x55b3b6ec1070_0 .net/2u *"_ivl_4", 3 0, L_0x7fbf3e72c138;  1 drivers
L_0x7fbf3e72c180 .functor BUFT 1, C4<0000>, C4<0>, C4<0>, C4<0>;
v0x55b3b6ec1150_0 .net/2u *"_ivl_6", 3 0, L_0x7fbf3e72c180;  1 drivers
v0x55b3b6ec1230_0 .net "i", 4 0, L_0x55b3b6ec2890;  alias, 1 drivers
L_0x55b3b6ec2a20 .cmp/ge 5, L_0x55b3b6ec2890, L_0x7fbf3e72c0f0;
L_0x55b3b6ec2b60 .functor MUXZ 4, L_0x7fbf3e72c180, L_0x7fbf3e72c138, L_0x55b3b6ec2a20, C4<>;
L_0x55b3b6ec2cf0 .cmp/ge 5, L_0x55b3b6ec2890, L_0x7fbf3e72c1c8;
L_0x55b3b6ec2e20 .arith/sub 5, L_0x55b3b6ec2890, L_0x7fbf3e72c210;
L_0x55b3b6ec2f40 .functor MUXZ 5, L_0x55b3b6ec2890, L_0x55b3b6ec2e20, L_0x55b3b6ec2cf0, C4<>;
L_0x55b3b6ec3080 .part L_0x55b3b6ec2f40, 0, 4;
    .scope S_0x55b3b6e98e50;
T_0 ;
    %pushi/vec4 3, 0, 4;
    %store/vec4 v0x55b3b6ec2160_0, 0, 4;
    %pushi/vec4 5, 0, 4;
    %store/vec4 v0x55b3b6ec2220_0, 0, 4;
    %pushi/vec4 0, 0, 1;
    %store/vec4 v0x55b3b6ec1ef0_0, 0, 1;
    %delay 10, 0;
    %pushi/vec4 7, 0, 4;
    %store/vec4 v0x55b3b6ec2160_0, 0, 4;
    %pushi/vec4 6, 0, 4;
    %store/vec4 v0x55b3b6ec2220_0, 0, 4;
    %pushi/vec4 0, 0, 1;
    %store/vec4 v0x55b3b6ec1ef0_0, 0, 1;
    %delay 10, 0;
    %pushi/vec4 7, 0, 4;
    %store/vec4 v0x55b3b6ec2160_0, 0, 4;
    %pushi/vec4 9, 0, 4;
    %store/vec4 v0x55b3b6ec2220_0, 0, 4;
    %pushi/vec4 1, 0, 1;
    %store/vec4 v0x55b3b6ec1ef0_0, 0, 1;
    %end;
    .thread T_0;
    .scope S_0x55b3b6e98e50;
T_1 ;
    %vpi_call 2 54 "$dumpfile", "bcdadder.vcd" {0 0 0};
    %vpi_call 2 55 "$dumpvars" {0 0 0};
    %delay 100, 0;
    %vpi_call 2 57 "$finish" {0 0 0};
    %end;
    .thread T_1;
# The file index is used to find the file name in the following table.
:file_names 3;
    "N/A";
    "<interactive>";
    "BCD_adder.v";
