#! /usr/bin/vvp
:ivl_version "11.0 (stable)";
:ivl_delay_selection "TYPICAL";
:vpi_time_precision - 8;
:vpi_module "/usr/lib/x86_64-linux-gnu/ivl/system.vpi";
:vpi_module "/usr/lib/x86_64-linux-gnu/ivl/vhdl_sys.vpi";
:vpi_module "/usr/lib/x86_64-linux-gnu/ivl/vhdl_textio.vpi";
:vpi_module "/usr/lib/x86_64-linux-gnu/ivl/v2005_math.vpi";
:vpi_module "/usr/lib/x86_64-linux-gnu/ivl/va_math.vpi";
S_0x55fc24d7ecf0 .scope module, "tb" "tb" 2 58;
 .timescale -8 -8;
v0x55fc24dd2d40_0 .var "clk", 0 0;
v0x55fc24dd2de0_0 .net "q", 3 0, v0x55fc24dd27e0_0;  1 drivers
v0x55fc24dd2ef0_0 .var "rst", 0 0;
S_0x55fc24d7ee80 .scope module, "u0" "part6" 2 64, 2 43 0, S_0x55fc24d7ecf0;
 .timescale -8 -8;
    .port_info 0 /INPUT 1 "clk";
    .port_info 1 /INPUT 1 "rst";
    .port_info 2 /OUTPUT 4 "q";
v0x55fc24dd29c0_0 .net "clk", 0 0, v0x55fc24dd2d40_0;  1 drivers
v0x55fc24dd2a80_0 .net "q", 3 0, v0x55fc24dd27e0_0;  alias, 1 drivers
v0x55fc24dd2b40_0 .net "q16", 15 0, v0x55fc24dd1c70_0;  1 drivers
v0x55fc24dd2c10_0 .net "rst", 0 0, v0x55fc24dd2ef0_0;  1 drivers
L_0x55fc24de3580 .reduce/and v0x55fc24dd1c70_0;
S_0x55fc24dbab60 .scope module, "faster_cter" "counter" 2 51, 2 27 0, S_0x55fc24d7ee80;
 .timescale -8 -8;
    .port_info 0 /INPUT 1 "en";
    .port_info 1 /INPUT 1 "clk";
    .port_info 2 /INPUT 1 "rst";
    .port_info 3 /OUTPUT 16 "q";
L_0x7f8819c61018 .functor BUFT 1, C4<0000000000000001>, C4<0>, C4<0>, C4<0>;
v0x55fc24da8ad0_0 .net/2u *"_ivl_0", 15 0, L_0x7f8819c61018;  1 drivers
v0x55fc24da8bd0_0 .net "clk", 0 0, v0x55fc24dd2d40_0;  alias, 1 drivers
L_0x7f8819c61060 .functor BUFT 1, C4<1>, C4<0>, C4<0>, C4<0>;
v0x55fc24dd1af0_0 .net "en", 0 0, L_0x7f8819c61060;  1 drivers
v0x55fc24dd1b90_0 .net "next_q", 15 0, L_0x55fc24de2fa0;  1 drivers
v0x55fc24dd1c70_0 .var "q", 15 0;
v0x55fc24dd1da0_0 .net "rst", 0 0, v0x55fc24dd2ef0_0;  alias, 1 drivers
E_0x55fc24dba130 .event posedge, v0x55fc24dd1da0_0, v0x55fc24da8bd0_0;
L_0x55fc24de2fa0 .arith/sum 16, v0x55fc24dd1c70_0, L_0x7f8819c61018;
S_0x55fc24dd1ee0 .scope module, "slower_cter" "counter_mod10" 2 52, 2 10 0, S_0x55fc24d7ee80;
 .timescale -8 -8;
    .port_info 0 /INPUT 1 "en";
    .port_info 1 /INPUT 1 "clk";
    .port_info 2 /INPUT 1 "rst";
    .port_info 3 /OUTPUT 4 "q";
L_0x7f8819c610a8 .functor BUFT 1, C4<1001>, C4<0>, C4<0>, C4<0>;
v0x55fc24dd2150_0 .net/2u *"_ivl_0", 3 0, L_0x7f8819c610a8;  1 drivers
v0x55fc24dd2230_0 .net *"_ivl_2", 0 0, L_0x55fc24de31b0;  1 drivers
L_0x7f8819c610f0 .functor BUFT 1, C4<0000>, C4<0>, C4<0>, C4<0>;
v0x55fc24dd22f0_0 .net/2u *"_ivl_4", 3 0, L_0x7f8819c610f0;  1 drivers
L_0x7f8819c61138 .functor BUFT 1, C4<0001>, C4<0>, C4<0>, C4<0>;
v0x55fc24dd23b0_0 .net/2u *"_ivl_6", 3 0, L_0x7f8819c61138;  1 drivers
v0x55fc24dd2490_0 .net *"_ivl_8", 3 0, L_0x55fc24de3350;  1 drivers
v0x55fc24dd25c0_0 .net "clk", 0 0, v0x55fc24dd2d40_0;  alias, 1 drivers
v0x55fc24dd2660_0 .net "en", 0 0, L_0x55fc24de3580;  1 drivers
v0x55fc24dd2700_0 .net "next_q", 3 0, L_0x55fc24de33f0;  1 drivers
v0x55fc24dd27e0_0 .var "q", 3 0;
v0x55fc24dd28c0_0 .net "rst", 0 0, v0x55fc24dd2ef0_0;  alias, 1 drivers
L_0x55fc24de31b0 .cmp/eq 4, v0x55fc24dd27e0_0, L_0x7f8819c610a8;
L_0x55fc24de3350 .arith/sum 4, v0x55fc24dd27e0_0, L_0x7f8819c61138;
L_0x55fc24de33f0 .functor MUXZ 4, L_0x55fc24de3350, L_0x7f8819c610f0, L_0x55fc24de31b0, C4<>;
    .scope S_0x55fc24dbab60;
T_0 ;
    %wait E_0x55fc24dba130;
    %load/vec4 v0x55fc24dd1da0_0;
    %flag_set/vec4 8;
    %jmp/0xz  T_0.0, 8;
    %pushi/vec4 0, 0, 16;
    %assign/vec4 v0x55fc24dd1c70_0, 0;
    %jmp T_0.1;
T_0.0 ;
    %load/vec4 v0x55fc24dd1af0_0;
    %flag_set/vec4 8;
    %jmp/0xz  T_0.2, 8;
    %load/vec4 v0x55fc24dd1b90_0;
    %assign/vec4 v0x55fc24dd1c70_0, 0;
T_0.2 ;
T_0.1 ;
    %jmp T_0;
    .thread T_0;
    .scope S_0x55fc24dd1ee0;
T_1 ;
    %wait E_0x55fc24dba130;
    %load/vec4 v0x55fc24dd28c0_0;
    %flag_set/vec4 8;
    %jmp/0xz  T_1.0, 8;
    %pushi/vec4 0, 0, 4;
    %assign/vec4 v0x55fc24dd27e0_0, 0;
    %jmp T_1.1;
T_1.0 ;
    %load/vec4 v0x55fc24dd2660_0;
    %flag_set/vec4 8;
    %jmp/0xz  T_1.2, 8;
    %load/vec4 v0x55fc24dd2700_0;
    %assign/vec4 v0x55fc24dd27e0_0, 0;
T_1.2 ;
T_1.1 ;
    %jmp T_1;
    .thread T_1;
    .scope S_0x55fc24d7ecf0;
T_2 ;
    %pushi/vec4 0, 0, 1;
    %store/vec4 v0x55fc24dd2d40_0, 0, 1;
T_2.0 ;
    %delay 1, 0;
    %load/vec4 v0x55fc24dd2d40_0;
    %inv;
    %store/vec4 v0x55fc24dd2d40_0, 0, 1;
    %jmp T_2.0;
    %end;
    .thread T_2;
    .scope S_0x55fc24d7ecf0;
T_3 ;
    %pushi/vec4 0, 0, 1;
    %store/vec4 v0x55fc24dd2ef0_0, 0, 1;
    %delay 2, 0;
    %pushi/vec4 1, 0, 1;
    %store/vec4 v0x55fc24dd2ef0_0, 0, 1;
    %delay 2, 0;
    %pushi/vec4 0, 0, 1;
    %store/vec4 v0x55fc24dd2ef0_0, 0, 1;
    %end;
    .thread T_3;
    .scope S_0x55fc24d7ecf0;
T_4 ;
    %vpi_call 2 80 "$dumpfile", "counter.vcd" {0 0 0};
    %vpi_call 2 81 "$dumpvars" {0 0 0};
    %delay 1000000, 0;
    %vpi_call 2 83 "$finish" {0 0 0};
    %end;
    .thread T_4;
# The file index is used to find the file name in the following table.
:file_names 3;
    "N/A";
    "<interactive>";
    "Counter_0-9.v";
