#! /usr/bin/vvp
:ivl_version "11.0 (stable)";
:ivl_delay_selection "TYPICAL";
:vpi_time_precision + 0;
:vpi_module "/usr/lib/x86_64-linux-gnu/ivl/system.vpi";
:vpi_module "/usr/lib/x86_64-linux-gnu/ivl/vhdl_sys.vpi";
:vpi_module "/usr/lib/x86_64-linux-gnu/ivl/vhdl_textio.vpi";
:vpi_module "/usr/lib/x86_64-linux-gnu/ivl/v2005_math.vpi";
:vpi_module "/usr/lib/x86_64-linux-gnu/ivl/va_math.vpi";
S_0x5587a13f0e80 .scope module, "tb" "tb" 2 24;
 .timescale 0 0;
v0x5587a1405da0_0 .var "clk", 0 0;
v0x5587a1405e90_0 .var "en", 0 0;
v0x5587a1405f60_0 .var "nrst", 0 0;
v0x5587a1406060_0 .net "rollover", 0 0, L_0x5587a14163d0;  1 drivers
v0x5587a1406130_0 .net "val", 7 0, v0x5587a1405c20_0;  1 drivers
S_0x5587a13f1010 .scope module, "u0" "counter_k" 2 32, 2 1 0, S_0x5587a13f0e80;
 .timescale 0 0;
    .port_info 0 /INPUT 1 "clk";
    .port_info 1 /INPUT 1 "nrst";
    .port_info 2 /INPUT 1 "en";
    .port_info 3 /OUTPUT 8 "val";
    .port_info 4 /OUTPUT 1 "rollover";
P_0x5587a13f11f0 .param/l "K" 0 2 2, +C4<00000000000000000000000000010100>;
v0x5587a13b6cf0_0 .net *"_ivl_0", 31 0, L_0x5587a1406220;  1 drivers
L_0x7f0ba5644018 .functor BUFT 1, C4<000000000000000000000000>, C4<0>, C4<0>, C4<0>;
v0x5587a1405700_0 .net *"_ivl_3", 23 0, L_0x7f0ba5644018;  1 drivers
L_0x7f0ba5644060 .functor BUFT 1, C4<00000000000000000000000000010011>, C4<0>, C4<0>, C4<0>;
v0x5587a14057e0_0 .net/2u *"_ivl_4", 31 0, L_0x7f0ba5644060;  1 drivers
v0x5587a14058d0_0 .net "clk", 0 0, v0x5587a1405da0_0;  1 drivers
v0x5587a1405990_0 .net "en", 0 0, v0x5587a1405e90_0;  1 drivers
v0x5587a1405aa0_0 .net "nrst", 0 0, v0x5587a1405f60_0;  1 drivers
v0x5587a1405b60_0 .net "rollover", 0 0, L_0x5587a14163d0;  alias, 1 drivers
v0x5587a1405c20_0 .var "val", 7 0;
E_0x5587a13b7600/0 .event negedge, v0x5587a1405aa0_0;
E_0x5587a13b7600/1 .event posedge, v0x5587a14058d0_0;
E_0x5587a13b7600 .event/or E_0x5587a13b7600/0, E_0x5587a13b7600/1;
L_0x5587a1406220 .concat [ 8 24 0 0], v0x5587a1405c20_0, L_0x7f0ba5644018;
L_0x5587a14163d0 .cmp/eq 32, L_0x5587a1406220, L_0x7f0ba5644060;
    .scope S_0x5587a13f1010;
T_0 ;
    %wait E_0x5587a13b7600;
    %load/vec4 v0x5587a1405aa0_0;
    %inv;
    %flag_set/vec4 8;
    %jmp/0xz  T_0.0, 8;
    %pushi/vec4 0, 0, 8;
    %assign/vec4 v0x5587a1405c20_0, 0;
    %jmp T_0.1;
T_0.0 ;
    %load/vec4 v0x5587a1405990_0;
    %flag_set/vec4 8;
    %jmp/0xz  T_0.2, 8;
    %load/vec4 v0x5587a1405b60_0;
    %flag_set/vec4 8;
    %jmp/0 T_0.4, 8;
    %pushi/vec4 0, 0, 8;
    %jmp/1 T_0.5, 8;
T_0.4 ; End of true expr.
    %load/vec4 v0x5587a1405c20_0;
    %addi 1, 0, 8;
    %jmp/0 T_0.5, 8;
 ; End of false expr.
    %blend;
T_0.5;
    %assign/vec4 v0x5587a1405c20_0, 0;
T_0.2 ;
T_0.1 ;
    %jmp T_0;
    .thread T_0;
    .scope S_0x5587a13f0e80;
T_1 ;
    %pushi/vec4 0, 0, 1;
    %store/vec4 v0x5587a1405da0_0, 0, 1;
T_1.0 ;
    %delay 10, 0;
    %load/vec4 v0x5587a1405da0_0;
    %inv;
    %store/vec4 v0x5587a1405da0_0, 0, 1;
    %jmp T_1.0;
    %end;
    .thread T_1;
    .scope S_0x5587a13f0e80;
T_2 ;
    %pushi/vec4 1, 0, 1;
    %store/vec4 v0x5587a1405f60_0, 0, 1;
    %delay 13, 0;
    %pushi/vec4 0, 0, 1;
    %store/vec4 v0x5587a1405f60_0, 0, 1;
    %delay 20, 0;
    %pushi/vec4 1, 0, 1;
    %store/vec4 v0x5587a1405f60_0, 0, 1;
    %end;
    .thread T_2;
    .scope S_0x5587a13f0e80;
T_3 ;
    %pushi/vec4 1, 0, 1;
    %store/vec4 v0x5587a1405e90_0, 0, 1;
    %delay 130, 0;
    %pushi/vec4 0, 0, 1;
    %store/vec4 v0x5587a1405e90_0, 0, 1;
    %delay 20, 0;
    %pushi/vec4 1, 0, 1;
    %store/vec4 v0x5587a1405e90_0, 0, 1;
    %end;
    .thread T_3;
    .scope S_0x5587a13f0e80;
T_4 ;
    %vpi_call 2 57 "$dumpfile", "counter_k.vcd" {0 0 0};
    %vpi_call 2 58 "$dumpvars" {0 0 0};
    %delay 1000, 0;
    %vpi_call 2 61 "$finish" {0 0 0};
    %end;
    .thread T_4;
# The file index is used to find the file name in the following table.
:file_names 3;
    "N/A";
    "<interactive>";
    "counter_k.v";
